ARM GAS  C:\Users\CL\AppData\Local\Temp\ccxStSiT.s 			page 1


   1              		.cpu cortex-m4
   2              		.arch armv7e-m
   3              		.fpu fpv4-sp-d16
   4              		.eabi_attribute 27, 1
   5              		.eabi_attribute 28, 1
   6              		.eabi_attribute 20, 1
   7              		.eabi_attribute 21, 1
   8              		.eabi_attribute 23, 3
   9              		.eabi_attribute 24, 1
  10              		.eabi_attribute 25, 1
  11              		.eabi_attribute 26, 1
  12              		.eabi_attribute 30, 1
  13              		.eabi_attribute 34, 1
  14              		.eabi_attribute 18, 4
  15              		.file	"gpio.c"
  16              		.text
  17              	.Ltext0:
  18              		.cfi_sections	.debug_frame
  19              		.section	.text.MX_GPIO_Init,"ax",%progbits
  20              		.align	1
  21              		.global	MX_GPIO_Init
  22              		.syntax unified
  23              		.thumb
  24              		.thumb_func
  26              	MX_GPIO_Init:
  27              	.LFB132:
  28              		.file 1 "Core/Src/gpio.c"
   1:Core/Src/gpio.c **** /* USER CODE BEGIN Header */
   2:Core/Src/gpio.c **** /**
   3:Core/Src/gpio.c ****   ******************************************************************************
   4:Core/Src/gpio.c ****   * @file    gpio.c
   5:Core/Src/gpio.c ****   * @brief   This file provides code for the configuration
   6:Core/Src/gpio.c ****   *          of all used GPIO pins.
   7:Core/Src/gpio.c ****   ******************************************************************************
   8:Core/Src/gpio.c ****   * @attention
   9:Core/Src/gpio.c ****   *
  10:Core/Src/gpio.c ****   * Copyright (c) 2023 STMicroelectronics.
  11:Core/Src/gpio.c ****   * All rights reserved.
  12:Core/Src/gpio.c ****   *
  13:Core/Src/gpio.c ****   * This software is licensed under terms that can be found in the LICENSE file
  14:Core/Src/gpio.c ****   * in the root directory of this software component.
  15:Core/Src/gpio.c ****   * If no LICENSE file comes with this software, it is provided AS-IS.
  16:Core/Src/gpio.c ****   *
  17:Core/Src/gpio.c ****   ******************************************************************************
  18:Core/Src/gpio.c ****   */
  19:Core/Src/gpio.c **** /* USER CODE END Header */
  20:Core/Src/gpio.c **** 
  21:Core/Src/gpio.c **** /* Includes ------------------------------------------------------------------*/
  22:Core/Src/gpio.c **** #include "gpio.h"
  23:Core/Src/gpio.c **** 
  24:Core/Src/gpio.c **** /* USER CODE BEGIN 0 */
  25:Core/Src/gpio.c **** 
  26:Core/Src/gpio.c **** /* USER CODE END 0 */
  27:Core/Src/gpio.c **** 
  28:Core/Src/gpio.c **** /*----------------------------------------------------------------------------*/
  29:Core/Src/gpio.c **** /* Configure GPIO                                                             */
  30:Core/Src/gpio.c **** /*----------------------------------------------------------------------------*/
ARM GAS  C:\Users\CL\AppData\Local\Temp\ccxStSiT.s 			page 2


  31:Core/Src/gpio.c **** /* USER CODE BEGIN 1 */
  32:Core/Src/gpio.c **** 
  33:Core/Src/gpio.c **** /* USER CODE END 1 */
  34:Core/Src/gpio.c **** 
  35:Core/Src/gpio.c **** /** Configure pins as
  36:Core/Src/gpio.c ****         * Analog
  37:Core/Src/gpio.c ****         * Input
  38:Core/Src/gpio.c ****         * Output
  39:Core/Src/gpio.c ****         * EVENT_OUT
  40:Core/Src/gpio.c ****         * EXTI
  41:Core/Src/gpio.c **** */
  42:Core/Src/gpio.c **** void MX_GPIO_Init(void)
  43:Core/Src/gpio.c **** {
  29              		.loc 1 43 1 view -0
  30              		.cfi_startproc
  31              		@ args = 0, pretend = 0, frame = 32
  32              		@ frame_needed = 0, uses_anonymous_args = 0
  33 0000 10B5     		push	{r4, lr}
  34              	.LCFI0:
  35              		.cfi_def_cfa_offset 8
  36              		.cfi_offset 4, -8
  37              		.cfi_offset 14, -4
  38 0002 88B0     		sub	sp, sp, #32
  39              	.LCFI1:
  40              		.cfi_def_cfa_offset 40
  44:Core/Src/gpio.c **** 
  45:Core/Src/gpio.c ****   GPIO_InitTypeDef GPIO_InitStruct = {0};
  41              		.loc 1 45 3 view .LVU1
  42              		.loc 1 45 20 is_stmt 0 view .LVU2
  43 0004 0024     		movs	r4, #0
  44 0006 0394     		str	r4, [sp, #12]
  45 0008 0494     		str	r4, [sp, #16]
  46 000a 0594     		str	r4, [sp, #20]
  47 000c 0694     		str	r4, [sp, #24]
  48 000e 0794     		str	r4, [sp, #28]
  46:Core/Src/gpio.c **** 
  47:Core/Src/gpio.c ****   /* GPIO Ports Clock Enable */
  48:Core/Src/gpio.c ****   __HAL_RCC_GPIOH_CLK_ENABLE();
  49              		.loc 1 48 3 is_stmt 1 view .LVU3
  50              	.LBB2:
  51              		.loc 1 48 3 view .LVU4
  52              		.loc 1 48 3 view .LVU5
  53 0010 174B     		ldr	r3, .L3
  54 0012 DA6C     		ldr	r2, [r3, #76]
  55 0014 42F08002 		orr	r2, r2, #128
  56 0018 DA64     		str	r2, [r3, #76]
  57              		.loc 1 48 3 view .LVU6
  58 001a DA6C     		ldr	r2, [r3, #76]
  59 001c 02F08002 		and	r2, r2, #128
  60 0020 0092     		str	r2, [sp]
  61              		.loc 1 48 3 view .LVU7
  62 0022 009A     		ldr	r2, [sp]
  63              	.LBE2:
  64              		.loc 1 48 3 view .LVU8
  49:Core/Src/gpio.c ****   __HAL_RCC_GPIOA_CLK_ENABLE();
  65              		.loc 1 49 3 view .LVU9
  66              	.LBB3:
ARM GAS  C:\Users\CL\AppData\Local\Temp\ccxStSiT.s 			page 3


  67              		.loc 1 49 3 view .LVU10
  68              		.loc 1 49 3 view .LVU11
  69 0024 DA6C     		ldr	r2, [r3, #76]
  70 0026 42F00102 		orr	r2, r2, #1
  71 002a DA64     		str	r2, [r3, #76]
  72              		.loc 1 49 3 view .LVU12
  73 002c DA6C     		ldr	r2, [r3, #76]
  74 002e 02F00102 		and	r2, r2, #1
  75 0032 0192     		str	r2, [sp, #4]
  76              		.loc 1 49 3 view .LVU13
  77 0034 019A     		ldr	r2, [sp, #4]
  78              	.LBE3:
  79              		.loc 1 49 3 view .LVU14
  50:Core/Src/gpio.c ****   __HAL_RCC_GPIOB_CLK_ENABLE();
  80              		.loc 1 50 3 view .LVU15
  81              	.LBB4:
  82              		.loc 1 50 3 view .LVU16
  83              		.loc 1 50 3 view .LVU17
  84 0036 DA6C     		ldr	r2, [r3, #76]
  85 0038 42F00202 		orr	r2, r2, #2
  86 003c DA64     		str	r2, [r3, #76]
  87              		.loc 1 50 3 view .LVU18
  88 003e DB6C     		ldr	r3, [r3, #76]
  89 0040 03F00203 		and	r3, r3, #2
  90 0044 0293     		str	r3, [sp, #8]
  91              		.loc 1 50 3 view .LVU19
  92 0046 029B     		ldr	r3, [sp, #8]
  93              	.LBE4:
  94              		.loc 1 50 3 view .LVU20
  51:Core/Src/gpio.c **** 
  52:Core/Src/gpio.c ****   /*Configure GPIO pin Output Level */
  53:Core/Src/gpio.c ****   HAL_GPIO_WritePin(FLS_SPI_CS_GPIO_Port, FLS_SPI_CS_Pin, GPIO_PIN_RESET);
  95              		.loc 1 53 3 view .LVU21
  96 0048 2246     		mov	r2, r4
  97 004a 1021     		movs	r1, #16
  98 004c 4FF09040 		mov	r0, #1207959552
  99 0050 FFF7FEFF 		bl	HAL_GPIO_WritePin
 100              	.LVL0:
  54:Core/Src/gpio.c **** 
  55:Core/Src/gpio.c ****   /*Configure GPIO pin : PtPin */
  56:Core/Src/gpio.c ****   GPIO_InitStruct.Pin = FLS_SPI_CS_Pin;
 101              		.loc 1 56 3 view .LVU22
 102              		.loc 1 56 23 is_stmt 0 view .LVU23
 103 0054 1023     		movs	r3, #16
 104 0056 0393     		str	r3, [sp, #12]
  57:Core/Src/gpio.c ****   GPIO_InitStruct.Mode = GPIO_MODE_OUTPUT_PP;
 105              		.loc 1 57 3 is_stmt 1 view .LVU24
 106              		.loc 1 57 24 is_stmt 0 view .LVU25
 107 0058 0123     		movs	r3, #1
 108 005a 0493     		str	r3, [sp, #16]
  58:Core/Src/gpio.c ****   GPIO_InitStruct.Pull = GPIO_NOPULL;
 109              		.loc 1 58 3 is_stmt 1 view .LVU26
 110              		.loc 1 58 24 is_stmt 0 view .LVU27
 111 005c 0594     		str	r4, [sp, #20]
  59:Core/Src/gpio.c ****   GPIO_InitStruct.Speed = GPIO_SPEED_FREQ_LOW;
 112              		.loc 1 59 3 is_stmt 1 view .LVU28
 113              		.loc 1 59 25 is_stmt 0 view .LVU29
ARM GAS  C:\Users\CL\AppData\Local\Temp\ccxStSiT.s 			page 4


 114 005e 0694     		str	r4, [sp, #24]
  60:Core/Src/gpio.c ****   HAL_GPIO_Init(FLS_SPI_CS_GPIO_Port, &GPIO_InitStruct);
 115              		.loc 1 60 3 is_stmt 1 view .LVU30
 116 0060 03A9     		add	r1, sp, #12
 117 0062 4FF09040 		mov	r0, #1207959552
 118 0066 FFF7FEFF 		bl	HAL_GPIO_Init
 119              	.LVL1:
  61:Core/Src/gpio.c **** 
  62:Core/Src/gpio.c **** }
 120              		.loc 1 62 1 is_stmt 0 view .LVU31
 121 006a 08B0     		add	sp, sp, #32
 122              	.LCFI2:
 123              		.cfi_def_cfa_offset 8
 124              		@ sp needed
 125 006c 10BD     		pop	{r4, pc}
 126              	.L4:
 127 006e 00BF     		.align	2
 128              	.L3:
 129 0070 00100240 		.word	1073876992
 130              		.cfi_endproc
 131              	.LFE132:
 133              		.text
 134              	.Letext0:
 135              		.file 2 "e:\\gcc-arm-none-eabi-10.3-2021.10-win32\\gcc-arm-none-eabi-10.3-2021.10\\arm-none-eabi\\
 136              		.file 3 "e:\\gcc-arm-none-eabi-10.3-2021.10-win32\\gcc-arm-none-eabi-10.3-2021.10\\arm-none-eabi\\
 137              		.file 4 "Drivers/CMSIS/Device/ST/STM32L4xx/Include/stm32l431xx.h"
 138              		.file 5 "Drivers/STM32L4xx_HAL_Driver/Inc/stm32l4xx_hal_gpio.h"
ARM GAS  C:\Users\CL\AppData\Local\Temp\ccxStSiT.s 			page 5


DEFINED SYMBOLS
                            *ABS*:00000000 gpio.c
C:\Users\CL\AppData\Local\Temp\ccxStSiT.s:20     .text.MX_GPIO_Init:00000000 $t
C:\Users\CL\AppData\Local\Temp\ccxStSiT.s:26     .text.MX_GPIO_Init:00000000 MX_GPIO_Init
C:\Users\CL\AppData\Local\Temp\ccxStSiT.s:129    .text.MX_GPIO_Init:00000070 $d

UNDEFINED SYMBOLS
HAL_GPIO_WritePin
HAL_GPIO_Init
