ARM GAS  C:\Users\CL\AppData\Local\Temp\ccHOkDB6.s 			page 1


   1              		.cpu cortex-m4
   2              		.arch armv7e-m
   3              		.fpu fpv4-sp-d16
   4              		.eabi_attribute 27, 1
   5              		.eabi_attribute 28, 1
   6              		.eabi_attribute 20, 1
   7              		.eabi_attribute 21, 1
   8              		.eabi_attribute 23, 3
   9              		.eabi_attribute 24, 1
  10              		.eabi_attribute 25, 1
  11              		.eabi_attribute 26, 1
  12              		.eabi_attribute 30, 1
  13              		.eabi_attribute 34, 1
  14              		.eabi_attribute 18, 4
  15              		.file	"spi.c"
  16              		.text
  17              	.Ltext0:
  18              		.cfi_sections	.debug_frame
  19              		.section	.text.MX_SPI1_Init,"ax",%progbits
  20              		.align	1
  21              		.global	MX_SPI1_Init
  22              		.syntax unified
  23              		.thumb
  24              		.thumb_func
  26              	MX_SPI1_Init:
  27              	.LFB135:
  28              		.file 1 "Core/Src/spi.c"
   1:Core/Src/spi.c **** /* USER CODE BEGIN Header */
   2:Core/Src/spi.c **** /**
   3:Core/Src/spi.c ****   ******************************************************************************
   4:Core/Src/spi.c ****   * @file    spi.c
   5:Core/Src/spi.c ****   * @brief   This file provides code for the configuration
   6:Core/Src/spi.c ****   *          of the SPI instances.
   7:Core/Src/spi.c ****   ******************************************************************************
   8:Core/Src/spi.c ****   * @attention
   9:Core/Src/spi.c ****   *
  10:Core/Src/spi.c ****   * Copyright (c) 2023 STMicroelectronics.
  11:Core/Src/spi.c ****   * All rights reserved.
  12:Core/Src/spi.c ****   *
  13:Core/Src/spi.c ****   * This software is licensed under terms that can be found in the LICENSE file
  14:Core/Src/spi.c ****   * in the root directory of this software component.
  15:Core/Src/spi.c ****   * If no LICENSE file comes with this software, it is provided AS-IS.
  16:Core/Src/spi.c ****   *
  17:Core/Src/spi.c ****   ******************************************************************************
  18:Core/Src/spi.c ****   */
  19:Core/Src/spi.c **** /* USER CODE END Header */
  20:Core/Src/spi.c **** /* Includes ------------------------------------------------------------------*/
  21:Core/Src/spi.c **** #include "spi.h"
  22:Core/Src/spi.c **** #include <stdio.h>
  23:Core/Src/spi.c **** #include "gpio.h"
  24:Core/Src/spi.c **** 
  25:Core/Src/spi.c **** /* USER CODE BEGIN 0 */
  26:Core/Src/spi.c **** 
  27:Core/Src/spi.c **** /* USER CODE END 0 */
  28:Core/Src/spi.c **** 
  29:Core/Src/spi.c **** SPI_HandleTypeDef hspi1;
  30:Core/Src/spi.c **** 
ARM GAS  C:\Users\CL\AppData\Local\Temp\ccHOkDB6.s 			page 2


  31:Core/Src/spi.c **** /* SPI1 init function */
  32:Core/Src/spi.c **** void MX_SPI1_Init(void)
  33:Core/Src/spi.c **** {
  29              		.loc 1 33 1 view -0
  30              		.cfi_startproc
  31              		@ args = 0, pretend = 0, frame = 0
  32              		@ frame_needed = 0, uses_anonymous_args = 0
  33 0000 08B5     		push	{r3, lr}
  34              	.LCFI0:
  35              		.cfi_def_cfa_offset 8
  36              		.cfi_offset 3, -8
  37              		.cfi_offset 14, -4
  34:Core/Src/spi.c **** 
  35:Core/Src/spi.c ****   /* USER CODE BEGIN SPI1_Init 0 */
  36:Core/Src/spi.c **** 
  37:Core/Src/spi.c ****   /* USER CODE END SPI1_Init 0 */
  38:Core/Src/spi.c **** 
  39:Core/Src/spi.c ****   /* USER CODE BEGIN SPI1_Init 1 */
  40:Core/Src/spi.c **** 
  41:Core/Src/spi.c ****   /* USER CODE END SPI1_Init 1 */
  42:Core/Src/spi.c ****   hspi1.Instance = SPI1;
  38              		.loc 1 42 3 view .LVU1
  39              		.loc 1 42 18 is_stmt 0 view .LVU2
  40 0002 1048     		ldr	r0, .L5
  41 0004 104B     		ldr	r3, .L5+4
  42 0006 0360     		str	r3, [r0]
  43:Core/Src/spi.c ****   hspi1.Init.Mode = SPI_MODE_MASTER;
  43              		.loc 1 43 3 is_stmt 1 view .LVU3
  44              		.loc 1 43 19 is_stmt 0 view .LVU4
  45 0008 4FF48273 		mov	r3, #260
  46 000c 4360     		str	r3, [r0, #4]
  44:Core/Src/spi.c ****   hspi1.Init.Direction = SPI_DIRECTION_2LINES;
  47              		.loc 1 44 3 is_stmt 1 view .LVU5
  48              		.loc 1 44 24 is_stmt 0 view .LVU6
  49 000e 0023     		movs	r3, #0
  50 0010 8360     		str	r3, [r0, #8]
  45:Core/Src/spi.c ****   hspi1.Init.DataSize = SPI_DATASIZE_4BIT;
  51              		.loc 1 45 3 is_stmt 1 view .LVU7
  52              		.loc 1 45 23 is_stmt 0 view .LVU8
  53 0012 4FF44072 		mov	r2, #768
  54 0016 C260     		str	r2, [r0, #12]
  46:Core/Src/spi.c ****   hspi1.Init.CLKPolarity = SPI_POLARITY_LOW;
  55              		.loc 1 46 3 is_stmt 1 view .LVU9
  56              		.loc 1 46 26 is_stmt 0 view .LVU10
  57 0018 0361     		str	r3, [r0, #16]
  47:Core/Src/spi.c ****   hspi1.Init.CLKPhase = SPI_PHASE_1EDGE;
  58              		.loc 1 47 3 is_stmt 1 view .LVU11
  59              		.loc 1 47 23 is_stmt 0 view .LVU12
  60 001a 4361     		str	r3, [r0, #20]
  48:Core/Src/spi.c ****   hspi1.Init.NSS = SPI_NSS_SOFT;
  61              		.loc 1 48 3 is_stmt 1 view .LVU13
  62              		.loc 1 48 18 is_stmt 0 view .LVU14
  63 001c 4FF40072 		mov	r2, #512
  64 0020 8261     		str	r2, [r0, #24]
  49:Core/Src/spi.c ****   hspi1.Init.BaudRatePrescaler = SPI_BAUDRATEPRESCALER_2;
  65              		.loc 1 49 3 is_stmt 1 view .LVU15
  66              		.loc 1 49 32 is_stmt 0 view .LVU16
ARM GAS  C:\Users\CL\AppData\Local\Temp\ccHOkDB6.s 			page 3


  67 0022 C361     		str	r3, [r0, #28]
  50:Core/Src/spi.c ****   hspi1.Init.FirstBit = SPI_FIRSTBIT_MSB;
  68              		.loc 1 50 3 is_stmt 1 view .LVU17
  69              		.loc 1 50 23 is_stmt 0 view .LVU18
  70 0024 0362     		str	r3, [r0, #32]
  51:Core/Src/spi.c ****   hspi1.Init.TIMode = SPI_TIMODE_DISABLE;
  71              		.loc 1 51 3 is_stmt 1 view .LVU19
  72              		.loc 1 51 21 is_stmt 0 view .LVU20
  73 0026 4362     		str	r3, [r0, #36]
  52:Core/Src/spi.c ****   hspi1.Init.CRCCalculation = SPI_CRCCALCULATION_DISABLE;
  74              		.loc 1 52 3 is_stmt 1 view .LVU21
  75              		.loc 1 52 29 is_stmt 0 view .LVU22
  76 0028 8362     		str	r3, [r0, #40]
  53:Core/Src/spi.c ****   hspi1.Init.CRCPolynomial = 7;
  77              		.loc 1 53 3 is_stmt 1 view .LVU23
  78              		.loc 1 53 28 is_stmt 0 view .LVU24
  79 002a 0722     		movs	r2, #7
  80 002c C262     		str	r2, [r0, #44]
  54:Core/Src/spi.c ****   hspi1.Init.CRCLength = SPI_CRC_LENGTH_DATASIZE;
  81              		.loc 1 54 3 is_stmt 1 view .LVU25
  82              		.loc 1 54 24 is_stmt 0 view .LVU26
  83 002e 0363     		str	r3, [r0, #48]
  55:Core/Src/spi.c ****   hspi1.Init.NSSPMode = SPI_NSS_PULSE_ENABLE;
  84              		.loc 1 55 3 is_stmt 1 view .LVU27
  85              		.loc 1 55 23 is_stmt 0 view .LVU28
  86 0030 0823     		movs	r3, #8
  87 0032 4363     		str	r3, [r0, #52]
  56:Core/Src/spi.c ****   if (HAL_SPI_Init(&hspi1) != HAL_OK)
  88              		.loc 1 56 3 is_stmt 1 view .LVU29
  89              		.loc 1 56 7 is_stmt 0 view .LVU30
  90 0034 FFF7FEFF 		bl	HAL_SPI_Init
  91              	.LVL0:
  92              		.loc 1 56 6 view .LVU31
  93 0038 00B9     		cbnz	r0, .L4
  94              	.L1:
  57:Core/Src/spi.c ****   {
  58:Core/Src/spi.c ****     Error_Handler();
  59:Core/Src/spi.c ****   }
  60:Core/Src/spi.c ****   /* USER CODE BEGIN SPI1_Init 2 */
  61:Core/Src/spi.c ****   
  62:Core/Src/spi.c ****   /* USER CODE END SPI1_Init 2 */
  63:Core/Src/spi.c **** 
  64:Core/Src/spi.c **** }
  95              		.loc 1 64 1 view .LVU32
  96 003a 08BD     		pop	{r3, pc}
  97              	.L4:
  58:Core/Src/spi.c ****   }
  98              		.loc 1 58 5 is_stmt 1 view .LVU33
  99 003c FFF7FEFF 		bl	Error_Handler
 100              	.LVL1:
 101              		.loc 1 64 1 is_stmt 0 view .LVU34
 102 0040 FBE7     		b	.L1
 103              	.L6:
 104 0042 00BF     		.align	2
 105              	.L5:
 106 0044 00000000 		.word	.LANCHOR0
 107 0048 00300140 		.word	1073819648
ARM GAS  C:\Users\CL\AppData\Local\Temp\ccHOkDB6.s 			page 4


 108              		.cfi_endproc
 109              	.LFE135:
 111              		.section	.text.HAL_SPI_MspInit,"ax",%progbits
 112              		.align	1
 113              		.global	HAL_SPI_MspInit
 114              		.syntax unified
 115              		.thumb
 116              		.thumb_func
 118              	HAL_SPI_MspInit:
 119              	.LVL2:
 120              	.LFB136:
  65:Core/Src/spi.c **** 
  66:Core/Src/spi.c **** void HAL_SPI_MspInit(SPI_HandleTypeDef* spiHandle)
  67:Core/Src/spi.c **** {
 121              		.loc 1 67 1 is_stmt 1 view -0
 122              		.cfi_startproc
 123              		@ args = 0, pretend = 0, frame = 32
 124              		@ frame_needed = 0, uses_anonymous_args = 0
 125              		.loc 1 67 1 is_stmt 0 view .LVU36
 126 0000 00B5     		push	{lr}
 127              	.LCFI1:
 128              		.cfi_def_cfa_offset 4
 129              		.cfi_offset 14, -4
 130 0002 89B0     		sub	sp, sp, #36
 131              	.LCFI2:
 132              		.cfi_def_cfa_offset 40
  68:Core/Src/spi.c **** 
  69:Core/Src/spi.c ****   GPIO_InitTypeDef GPIO_InitStruct = {0};
 133              		.loc 1 69 3 is_stmt 1 view .LVU37
 134              		.loc 1 69 20 is_stmt 0 view .LVU38
 135 0004 0023     		movs	r3, #0
 136 0006 0393     		str	r3, [sp, #12]
 137 0008 0493     		str	r3, [sp, #16]
 138 000a 0593     		str	r3, [sp, #20]
 139 000c 0693     		str	r3, [sp, #24]
 140 000e 0793     		str	r3, [sp, #28]
  70:Core/Src/spi.c ****   if(spiHandle->Instance==SPI1)
 141              		.loc 1 70 3 is_stmt 1 view .LVU39
 142              		.loc 1 70 15 is_stmt 0 view .LVU40
 143 0010 0268     		ldr	r2, [r0]
 144              		.loc 1 70 5 view .LVU41
 145 0012 134B     		ldr	r3, .L11
 146 0014 9A42     		cmp	r2, r3
 147 0016 02D0     		beq	.L10
 148              	.LVL3:
 149              	.L7:
  71:Core/Src/spi.c ****   {
  72:Core/Src/spi.c ****   /* USER CODE BEGIN SPI1_MspInit 0 */
  73:Core/Src/spi.c **** 
  74:Core/Src/spi.c ****   /* USER CODE END SPI1_MspInit 0 */
  75:Core/Src/spi.c ****     /* SPI1 clock enable */
  76:Core/Src/spi.c ****     __HAL_RCC_SPI1_CLK_ENABLE();
  77:Core/Src/spi.c **** 
  78:Core/Src/spi.c ****     __HAL_RCC_GPIOB_CLK_ENABLE();
  79:Core/Src/spi.c ****     /**SPI1 GPIO Configuration
  80:Core/Src/spi.c ****     PB3 (JTDO-TRACESWO)     ------> SPI1_SCK
  81:Core/Src/spi.c ****     PB4 (NJTRST)     ------> SPI1_MISO
ARM GAS  C:\Users\CL\AppData\Local\Temp\ccHOkDB6.s 			page 5


  82:Core/Src/spi.c ****     PB5     ------> SPI1_MOSI
  83:Core/Src/spi.c ****     */
  84:Core/Src/spi.c ****     GPIO_InitStruct.Pin = GPIO_PIN_3|GPIO_PIN_4|GPIO_PIN_5;
  85:Core/Src/spi.c ****     GPIO_InitStruct.Mode = GPIO_MODE_AF_PP;
  86:Core/Src/spi.c ****     GPIO_InitStruct.Pull = GPIO_NOPULL;
  87:Core/Src/spi.c ****     GPIO_InitStruct.Speed = GPIO_SPEED_FREQ_VERY_HIGH;
  88:Core/Src/spi.c ****     GPIO_InitStruct.Alternate = GPIO_AF5_SPI1;
  89:Core/Src/spi.c ****     HAL_GPIO_Init(GPIOB, &GPIO_InitStruct);
  90:Core/Src/spi.c **** 
  91:Core/Src/spi.c ****   /* USER CODE BEGIN SPI1_MspInit 1 */
  92:Core/Src/spi.c **** 
  93:Core/Src/spi.c ****   /* USER CODE END SPI1_MspInit 1 */
  94:Core/Src/spi.c ****   }
  95:Core/Src/spi.c **** }
 150              		.loc 1 95 1 view .LVU42
 151 0018 09B0     		add	sp, sp, #36
 152              	.LCFI3:
 153              		.cfi_remember_state
 154              		.cfi_def_cfa_offset 4
 155              		@ sp needed
 156 001a 5DF804FB 		ldr	pc, [sp], #4
 157              	.LVL4:
 158              	.L10:
 159              	.LCFI4:
 160              		.cfi_restore_state
  76:Core/Src/spi.c **** 
 161              		.loc 1 76 5 is_stmt 1 view .LVU43
 162              	.LBB2:
  76:Core/Src/spi.c **** 
 163              		.loc 1 76 5 view .LVU44
  76:Core/Src/spi.c **** 
 164              		.loc 1 76 5 view .LVU45
 165 001e 03F56043 		add	r3, r3, #57344
 166 0022 1A6E     		ldr	r2, [r3, #96]
 167 0024 42F48052 		orr	r2, r2, #4096
 168 0028 1A66     		str	r2, [r3, #96]
  76:Core/Src/spi.c **** 
 169              		.loc 1 76 5 view .LVU46
 170 002a 1A6E     		ldr	r2, [r3, #96]
 171 002c 02F48052 		and	r2, r2, #4096
 172 0030 0192     		str	r2, [sp, #4]
  76:Core/Src/spi.c **** 
 173              		.loc 1 76 5 view .LVU47
 174 0032 019A     		ldr	r2, [sp, #4]
 175              	.LBE2:
  76:Core/Src/spi.c **** 
 176              		.loc 1 76 5 view .LVU48
  78:Core/Src/spi.c ****     /**SPI1 GPIO Configuration
 177              		.loc 1 78 5 view .LVU49
 178              	.LBB3:
  78:Core/Src/spi.c ****     /**SPI1 GPIO Configuration
 179              		.loc 1 78 5 view .LVU50
  78:Core/Src/spi.c ****     /**SPI1 GPIO Configuration
 180              		.loc 1 78 5 view .LVU51
 181 0034 DA6C     		ldr	r2, [r3, #76]
 182 0036 42F00202 		orr	r2, r2, #2
 183 003a DA64     		str	r2, [r3, #76]
ARM GAS  C:\Users\CL\AppData\Local\Temp\ccHOkDB6.s 			page 6


  78:Core/Src/spi.c ****     /**SPI1 GPIO Configuration
 184              		.loc 1 78 5 view .LVU52
 185 003c DB6C     		ldr	r3, [r3, #76]
 186 003e 03F00203 		and	r3, r3, #2
 187 0042 0293     		str	r3, [sp, #8]
  78:Core/Src/spi.c ****     /**SPI1 GPIO Configuration
 188              		.loc 1 78 5 view .LVU53
 189 0044 029B     		ldr	r3, [sp, #8]
 190              	.LBE3:
  78:Core/Src/spi.c ****     /**SPI1 GPIO Configuration
 191              		.loc 1 78 5 view .LVU54
  84:Core/Src/spi.c ****     GPIO_InitStruct.Mode = GPIO_MODE_AF_PP;
 192              		.loc 1 84 5 view .LVU55
  84:Core/Src/spi.c ****     GPIO_InitStruct.Mode = GPIO_MODE_AF_PP;
 193              		.loc 1 84 25 is_stmt 0 view .LVU56
 194 0046 3823     		movs	r3, #56
 195 0048 0393     		str	r3, [sp, #12]
  85:Core/Src/spi.c ****     GPIO_InitStruct.Pull = GPIO_NOPULL;
 196              		.loc 1 85 5 is_stmt 1 view .LVU57
  85:Core/Src/spi.c ****     GPIO_InitStruct.Pull = GPIO_NOPULL;
 197              		.loc 1 85 26 is_stmt 0 view .LVU58
 198 004a 0223     		movs	r3, #2
 199 004c 0493     		str	r3, [sp, #16]
  86:Core/Src/spi.c ****     GPIO_InitStruct.Speed = GPIO_SPEED_FREQ_VERY_HIGH;
 200              		.loc 1 86 5 is_stmt 1 view .LVU59
  87:Core/Src/spi.c ****     GPIO_InitStruct.Alternate = GPIO_AF5_SPI1;
 201              		.loc 1 87 5 view .LVU60
  87:Core/Src/spi.c ****     GPIO_InitStruct.Alternate = GPIO_AF5_SPI1;
 202              		.loc 1 87 27 is_stmt 0 view .LVU61
 203 004e 0323     		movs	r3, #3
 204 0050 0693     		str	r3, [sp, #24]
  88:Core/Src/spi.c ****     HAL_GPIO_Init(GPIOB, &GPIO_InitStruct);
 205              		.loc 1 88 5 is_stmt 1 view .LVU62
  88:Core/Src/spi.c ****     HAL_GPIO_Init(GPIOB, &GPIO_InitStruct);
 206              		.loc 1 88 31 is_stmt 0 view .LVU63
 207 0052 0523     		movs	r3, #5
 208 0054 0793     		str	r3, [sp, #28]
  89:Core/Src/spi.c **** 
 209              		.loc 1 89 5 is_stmt 1 view .LVU64
 210 0056 03A9     		add	r1, sp, #12
 211 0058 0248     		ldr	r0, .L11+4
 212              	.LVL5:
  89:Core/Src/spi.c **** 
 213              		.loc 1 89 5 is_stmt 0 view .LVU65
 214 005a FFF7FEFF 		bl	HAL_GPIO_Init
 215              	.LVL6:
 216              		.loc 1 95 1 view .LVU66
 217 005e DBE7     		b	.L7
 218              	.L12:
 219              		.align	2
 220              	.L11:
 221 0060 00300140 		.word	1073819648
 222 0064 00040048 		.word	1207960576
 223              		.cfi_endproc
 224              	.LFE136:
 226              		.section	.text.HAL_SPI_MspDeInit,"ax",%progbits
 227              		.align	1
ARM GAS  C:\Users\CL\AppData\Local\Temp\ccHOkDB6.s 			page 7


 228              		.global	HAL_SPI_MspDeInit
 229              		.syntax unified
 230              		.thumb
 231              		.thumb_func
 233              	HAL_SPI_MspDeInit:
 234              	.LVL7:
 235              	.LFB137:
  96:Core/Src/spi.c **** 
  97:Core/Src/spi.c **** void HAL_SPI_MspDeInit(SPI_HandleTypeDef* spiHandle)
  98:Core/Src/spi.c **** {
 236              		.loc 1 98 1 is_stmt 1 view -0
 237              		.cfi_startproc
 238              		@ args = 0, pretend = 0, frame = 0
 239              		@ frame_needed = 0, uses_anonymous_args = 0
 240              		.loc 1 98 1 is_stmt 0 view .LVU68
 241 0000 08B5     		push	{r3, lr}
 242              	.LCFI5:
 243              		.cfi_def_cfa_offset 8
 244              		.cfi_offset 3, -8
 245              		.cfi_offset 14, -4
  99:Core/Src/spi.c **** 
 100:Core/Src/spi.c ****   if(spiHandle->Instance==SPI1)
 246              		.loc 1 100 3 is_stmt 1 view .LVU69
 247              		.loc 1 100 15 is_stmt 0 view .LVU70
 248 0002 0268     		ldr	r2, [r0]
 249              		.loc 1 100 5 view .LVU71
 250 0004 064B     		ldr	r3, .L17
 251 0006 9A42     		cmp	r2, r3
 252 0008 00D0     		beq	.L16
 253              	.LVL8:
 254              	.L13:
 101:Core/Src/spi.c ****   {
 102:Core/Src/spi.c ****   /* USER CODE BEGIN SPI1_MspDeInit 0 */
 103:Core/Src/spi.c **** 
 104:Core/Src/spi.c ****   /* USER CODE END SPI1_MspDeInit 0 */
 105:Core/Src/spi.c ****     /* Peripheral clock disable */
 106:Core/Src/spi.c ****     __HAL_RCC_SPI1_CLK_DISABLE();
 107:Core/Src/spi.c **** 
 108:Core/Src/spi.c ****     /**SPI1 GPIO Configuration
 109:Core/Src/spi.c ****     PB3 (JTDO-TRACESWO)     ------> SPI1_SCK
 110:Core/Src/spi.c ****     PB4 (NJTRST)     ------> SPI1_MISO
 111:Core/Src/spi.c ****     PB5     ------> SPI1_MOSI
 112:Core/Src/spi.c ****     */
 113:Core/Src/spi.c ****     HAL_GPIO_DeInit(GPIOB, GPIO_PIN_3|GPIO_PIN_4|GPIO_PIN_5);
 114:Core/Src/spi.c **** 
 115:Core/Src/spi.c ****   /* USER CODE BEGIN SPI1_MspDeInit 1 */
 116:Core/Src/spi.c **** 
 117:Core/Src/spi.c ****   /* USER CODE END SPI1_MspDeInit 1 */
 118:Core/Src/spi.c ****   }
 119:Core/Src/spi.c **** }
 255              		.loc 1 119 1 view .LVU72
 256 000a 08BD     		pop	{r3, pc}
 257              	.LVL9:
 258              	.L16:
 106:Core/Src/spi.c **** 
 259              		.loc 1 106 5 is_stmt 1 view .LVU73
 260 000c 054A     		ldr	r2, .L17+4
ARM GAS  C:\Users\CL\AppData\Local\Temp\ccHOkDB6.s 			page 8


 261 000e 136E     		ldr	r3, [r2, #96]
 262 0010 23F48053 		bic	r3, r3, #4096
 263 0014 1366     		str	r3, [r2, #96]
 113:Core/Src/spi.c **** 
 264              		.loc 1 113 5 view .LVU74
 265 0016 3821     		movs	r1, #56
 266 0018 0348     		ldr	r0, .L17+8
 267              	.LVL10:
 113:Core/Src/spi.c **** 
 268              		.loc 1 113 5 is_stmt 0 view .LVU75
 269 001a FFF7FEFF 		bl	HAL_GPIO_DeInit
 270              	.LVL11:
 271              		.loc 1 119 1 view .LVU76
 272 001e F4E7     		b	.L13
 273              	.L18:
 274              		.align	2
 275              	.L17:
 276 0020 00300140 		.word	1073819648
 277 0024 00100240 		.word	1073876992
 278 0028 00040048 		.word	1207960576
 279              		.cfi_endproc
 280              	.LFE137:
 282              		.section	.rodata.Flash_Read_Write.str1.4,"aMS",%progbits,1
 283              		.align	2
 284              	.LC0:
 285 0000 48414C5F 		.ascii	"HAL_SPI_Transmit err:%0x\000"
 285      5350495F 
 285      5472616E 
 285      736D6974 
 285      20657272 
 286 0019 000000   		.align	2
 287              	.LC1:
 288 001c 48414C5F 		.ascii	"HAL_SPI_Receive err:%0x\000"
 288      5350495F 
 288      52656365 
 288      69766520 
 288      6572723A 
 289              		.section	.text.Flash_Read_Write,"ax",%progbits
 290              		.align	1
 291              		.global	Flash_Read_Write
 292              		.syntax unified
 293              		.thumb
 294              		.thumb_func
 296              	Flash_Read_Write:
 297              	.LVL12:
 298              	.LFB138:
 120:Core/Src/spi.c **** 
 121:Core/Src/spi.c **** /* USER CODE BEGIN 1 */
 122:Core/Src/spi.c **** int Flash_Read_Write(uint8_t *wData,uint8_t *rData,unsigned short len)
 123:Core/Src/spi.c **** {
 299              		.loc 1 123 1 is_stmt 1 view -0
 300              		.cfi_startproc
 301              		@ args = 0, pretend = 0, frame = 0
 302              		@ frame_needed = 0, uses_anonymous_args = 0
 303              		.loc 1 123 1 is_stmt 0 view .LVU78
 304 0000 38B5     		push	{r3, r4, r5, lr}
 305              	.LCFI6:
ARM GAS  C:\Users\CL\AppData\Local\Temp\ccHOkDB6.s 			page 9


 306              		.cfi_def_cfa_offset 16
 307              		.cfi_offset 3, -16
 308              		.cfi_offset 4, -12
 309              		.cfi_offset 5, -8
 310              		.cfi_offset 14, -4
 311 0002 0546     		mov	r5, r0
 312 0004 0C46     		mov	r4, r1
 124:Core/Src/spi.c ****   int err = 0;
 313              		.loc 1 124 3 is_stmt 1 view .LVU79
 314              	.LVL13:
 125:Core/Src/spi.c ****   HAL_GPIO_WritePin(GPIOA,GPIO_PIN_4,GPIO_PIN_RESET);
 315              		.loc 1 125 3 view .LVU80
 316 0006 0022     		movs	r2, #0
 317              	.LVL14:
 318              		.loc 1 125 3 is_stmt 0 view .LVU81
 319 0008 1021     		movs	r1, #16
 320              	.LVL15:
 321              		.loc 1 125 3 view .LVU82
 322 000a 4FF09040 		mov	r0, #1207959552
 323              	.LVL16:
 324              		.loc 1 125 3 view .LVU83
 325 000e FFF7FEFF 		bl	HAL_GPIO_WritePin
 326              	.LVL17:
 126:Core/Src/spi.c ****   err = HAL_SPI_Transmit(&hspi1,wData,4,0xff);
 327              		.loc 1 126 3 is_stmt 1 view .LVU84
 328              		.loc 1 126 9 is_stmt 0 view .LVU85
 329 0012 FF23     		movs	r3, #255
 330 0014 0422     		movs	r2, #4
 331 0016 2946     		mov	r1, r5
 332 0018 0E48     		ldr	r0, .L25
 333 001a FFF7FEFF 		bl	HAL_SPI_Transmit
 334              	.LVL18:
 127:Core/Src/spi.c ****   if(err != HAL_OK)
 335              		.loc 1 127 3 is_stmt 1 view .LVU86
 336              		.loc 1 127 5 is_stmt 0 view .LVU87
 337 001e 78B9     		cbnz	r0, .L23
 338              	.LVL19:
 339              	.L20:
 128:Core/Src/spi.c ****     printf("HAL_SPI_Transmit err:%0x",err);
 129:Core/Src/spi.c ****   err = HAL_SPI_Receive(&hspi1,rData,2,0xff);
 340              		.loc 1 129 3 is_stmt 1 view .LVU88
 341              		.loc 1 129 9 is_stmt 0 view .LVU89
 342 0020 FF23     		movs	r3, #255
 343 0022 0222     		movs	r2, #2
 344 0024 2146     		mov	r1, r4
 345 0026 0B48     		ldr	r0, .L25
 346 0028 FFF7FEFF 		bl	HAL_SPI_Receive
 347              	.LVL20:
 130:Core/Src/spi.c ****   if(err != HAL_OK)
 348              		.loc 1 130 3 is_stmt 1 view .LVU90
 349              		.loc 1 130 5 is_stmt 0 view .LVU91
 350 002c 0446     		mov	r4, r0
 351              	.LVL21:
 352              		.loc 1 130 5 view .LVU92
 353 002e 60B9     		cbnz	r0, .L24
 354              	.LVL22:
 355              	.L21:
ARM GAS  C:\Users\CL\AppData\Local\Temp\ccHOkDB6.s 			page 10


 131:Core/Src/spi.c ****     printf("HAL_SPI_Receive err:%0x",err);
 132:Core/Src/spi.c ****   HAL_GPIO_WritePin(GPIOA,GPIO_PIN_4,GPIO_PIN_SET);
 356              		.loc 1 132 3 is_stmt 1 view .LVU93
 357 0030 0122     		movs	r2, #1
 358 0032 1021     		movs	r1, #16
 359 0034 4FF09040 		mov	r0, #1207959552
 360 0038 FFF7FEFF 		bl	HAL_GPIO_WritePin
 361              	.LVL23:
 133:Core/Src/spi.c ****   return err;
 362              		.loc 1 133 3 view .LVU94
 134:Core/Src/spi.c **** }
 363              		.loc 1 134 1 is_stmt 0 view .LVU95
 364 003c 2046     		mov	r0, r4
 365 003e 38BD     		pop	{r3, r4, r5, pc}
 366              	.LVL24:
 367              	.L23:
 368              		.loc 1 134 1 view .LVU96
 369 0040 0146     		mov	r1, r0
 128:Core/Src/spi.c ****   err = HAL_SPI_Receive(&hspi1,rData,2,0xff);
 370              		.loc 1 128 5 is_stmt 1 view .LVU97
 371 0042 0548     		ldr	r0, .L25+4
 372              	.LVL25:
 128:Core/Src/spi.c ****   err = HAL_SPI_Receive(&hspi1,rData,2,0xff);
 373              		.loc 1 128 5 is_stmt 0 view .LVU98
 374 0044 FFF7FEFF 		bl	printf
 375              	.LVL26:
 128:Core/Src/spi.c ****   err = HAL_SPI_Receive(&hspi1,rData,2,0xff);
 376              		.loc 1 128 5 view .LVU99
 377 0048 EAE7     		b	.L20
 378              	.LVL27:
 379              	.L24:
 131:Core/Src/spi.c ****   HAL_GPIO_WritePin(GPIOA,GPIO_PIN_4,GPIO_PIN_SET);
 380              		.loc 1 131 5 is_stmt 1 view .LVU100
 381 004a 0146     		mov	r1, r0
 382 004c 0348     		ldr	r0, .L25+8
 383              	.LVL28:
 131:Core/Src/spi.c ****   HAL_GPIO_WritePin(GPIOA,GPIO_PIN_4,GPIO_PIN_SET);
 384              		.loc 1 131 5 is_stmt 0 view .LVU101
 385 004e FFF7FEFF 		bl	printf
 386              	.LVL29:
 387 0052 EDE7     		b	.L21
 388              	.L26:
 389              		.align	2
 390              	.L25:
 391 0054 00000000 		.word	.LANCHOR0
 392 0058 00000000 		.word	.LC0
 393 005c 1C000000 		.word	.LC1
 394              		.cfi_endproc
 395              	.LFE138:
 397              		.section	.text.Flash_Reset,"ax",%progbits
 398              		.align	1
 399              		.global	Flash_Reset
 400              		.syntax unified
 401              		.thumb
 402              		.thumb_func
 404              	Flash_Reset:
 405              	.LFB139:
ARM GAS  C:\Users\CL\AppData\Local\Temp\ccHOkDB6.s 			page 11


 135:Core/Src/spi.c **** 
 136:Core/Src/spi.c **** int Flash_Reset(void)
 137:Core/Src/spi.c **** {
 406              		.loc 1 137 1 is_stmt 1 view -0
 407              		.cfi_startproc
 408              		@ args = 0, pretend = 0, frame = 8
 409              		@ frame_needed = 0, uses_anonymous_args = 0
 410 0000 10B5     		push	{r4, lr}
 411              	.LCFI7:
 412              		.cfi_def_cfa_offset 8
 413              		.cfi_offset 4, -8
 414              		.cfi_offset 14, -4
 415 0002 82B0     		sub	sp, sp, #8
 416              	.LCFI8:
 417              		.cfi_def_cfa_offset 16
 138:Core/Src/spi.c ****   uint8_t reset_cmd[2] = {0x66,0x99};
 418              		.loc 1 138 3 view .LVU103
 419              		.loc 1 138 11 is_stmt 0 view .LVU104
 420 0004 49F66613 		movw	r3, #39270
 421 0008 ADF80430 		strh	r3, [sp, #4]	@ movhi
 139:Core/Src/spi.c ****   int err = 0;
 422              		.loc 1 139 3 is_stmt 1 view .LVU105
 423              	.LVL30:
 140:Core/Src/spi.c ****   HAL_GPIO_WritePin(GPIOA,GPIO_PIN_4,GPIO_PIN_RESET);
 424              		.loc 1 140 3 view .LVU106
 425 000c 0022     		movs	r2, #0
 426 000e 1021     		movs	r1, #16
 427 0010 4FF09040 		mov	r0, #1207959552
 428 0014 FFF7FEFF 		bl	HAL_GPIO_WritePin
 429              	.LVL31:
 141:Core/Src/spi.c ****   err = HAL_SPI_Transmit(&hspi1,reset_cmd,2,0xff);
 430              		.loc 1 141 3 view .LVU107
 431              		.loc 1 141 9 is_stmt 0 view .LVU108
 432 0018 FF23     		movs	r3, #255
 433 001a 0222     		movs	r2, #2
 434 001c 01A9     		add	r1, sp, #4
 435 001e 0948     		ldr	r0, .L31
 436 0020 FFF7FEFF 		bl	HAL_SPI_Transmit
 437              	.LVL32:
 142:Core/Src/spi.c ****   if(err != HAL_OK)
 438              		.loc 1 142 3 is_stmt 1 view .LVU109
 439              		.loc 1 142 5 is_stmt 0 view .LVU110
 440 0024 0446     		mov	r4, r0
 441 0026 40B9     		cbnz	r0, .L30
 442              	.LVL33:
 443              	.L28:
 143:Core/Src/spi.c ****     printf("HAL_SPI_Transmit err:%0x",err);
 144:Core/Src/spi.c ****   HAL_GPIO_WritePin(GPIOA,GPIO_PIN_4,GPIO_PIN_SET);
 444              		.loc 1 144 3 is_stmt 1 view .LVU111
 445 0028 0122     		movs	r2, #1
 446 002a 1021     		movs	r1, #16
 447 002c 4FF09040 		mov	r0, #1207959552
 448 0030 FFF7FEFF 		bl	HAL_GPIO_WritePin
 449              	.LVL34:
 145:Core/Src/spi.c ****   return err;
 450              		.loc 1 145 3 view .LVU112
 146:Core/Src/spi.c **** }
ARM GAS  C:\Users\CL\AppData\Local\Temp\ccHOkDB6.s 			page 12


 451              		.loc 1 146 1 is_stmt 0 view .LVU113
 452 0034 2046     		mov	r0, r4
 453 0036 02B0     		add	sp, sp, #8
 454              	.LCFI9:
 455              		.cfi_remember_state
 456              		.cfi_def_cfa_offset 8
 457              		@ sp needed
 458 0038 10BD     		pop	{r4, pc}
 459              	.LVL35:
 460              	.L30:
 461              	.LCFI10:
 462              		.cfi_restore_state
 143:Core/Src/spi.c ****     printf("HAL_SPI_Transmit err:%0x",err);
 463              		.loc 1 143 5 is_stmt 1 view .LVU114
 464 003a 0146     		mov	r1, r0
 465 003c 0248     		ldr	r0, .L31+4
 466              	.LVL36:
 143:Core/Src/spi.c ****     printf("HAL_SPI_Transmit err:%0x",err);
 467              		.loc 1 143 5 is_stmt 0 view .LVU115
 468 003e FFF7FEFF 		bl	printf
 469              	.LVL37:
 470 0042 F1E7     		b	.L28
 471              	.L32:
 472              		.align	2
 473              	.L31:
 474 0044 00000000 		.word	.LANCHOR0
 475 0048 00000000 		.word	.LC0
 476              		.cfi_endproc
 477              	.LFE139:
 479              		.global	hspi1
 480              		.section	.bss.hspi1,"aw",%nobits
 481              		.align	2
 482              		.set	.LANCHOR0,. + 0
 485              	hspi1:
 486 0000 00000000 		.space	100
 486      00000000 
 486      00000000 
 486      00000000 
 486      00000000 
 487              		.text
 488              	.Letext0:
 489              		.file 2 "e:\\gcc-arm-none-eabi-10.3-2021.10-win32\\gcc-arm-none-eabi-10.3-2021.10\\arm-none-eabi\\
 490              		.file 3 "e:\\gcc-arm-none-eabi-10.3-2021.10-win32\\gcc-arm-none-eabi-10.3-2021.10\\arm-none-eabi\\
 491              		.file 4 "Drivers/CMSIS/Device/ST/STM32L4xx/Include/stm32l431xx.h"
 492              		.file 5 "Drivers/STM32L4xx_HAL_Driver/Inc/stm32l4xx_hal_def.h"
 493              		.file 6 "Drivers/STM32L4xx_HAL_Driver/Inc/stm32l4xx_hal_gpio.h"
 494              		.file 7 "Drivers/STM32L4xx_HAL_Driver/Inc/stm32l4xx_hal_dma.h"
 495              		.file 8 "Drivers/STM32L4xx_HAL_Driver/Inc/stm32l4xx_hal_spi.h"
 496              		.file 9 "e:\\gcc-arm-none-eabi-10.3-2021.10-win32\\gcc-arm-none-eabi-10.3-2021.10\\arm-none-eabi\\
 497              		.file 10 "Core/Inc/main.h"
 498              		.file 11 "Core/Inc/spi.h"
ARM GAS  C:\Users\CL\AppData\Local\Temp\ccHOkDB6.s 			page 13


DEFINED SYMBOLS
                            *ABS*:00000000 spi.c
C:\Users\CL\AppData\Local\Temp\ccHOkDB6.s:20     .text.MX_SPI1_Init:00000000 $t
C:\Users\CL\AppData\Local\Temp\ccHOkDB6.s:26     .text.MX_SPI1_Init:00000000 MX_SPI1_Init
C:\Users\CL\AppData\Local\Temp\ccHOkDB6.s:106    .text.MX_SPI1_Init:00000044 $d
C:\Users\CL\AppData\Local\Temp\ccHOkDB6.s:112    .text.HAL_SPI_MspInit:00000000 $t
C:\Users\CL\AppData\Local\Temp\ccHOkDB6.s:118    .text.HAL_SPI_MspInit:00000000 HAL_SPI_MspInit
C:\Users\CL\AppData\Local\Temp\ccHOkDB6.s:221    .text.HAL_SPI_MspInit:00000060 $d
C:\Users\CL\AppData\Local\Temp\ccHOkDB6.s:227    .text.HAL_SPI_MspDeInit:00000000 $t
C:\Users\CL\AppData\Local\Temp\ccHOkDB6.s:233    .text.HAL_SPI_MspDeInit:00000000 HAL_SPI_MspDeInit
C:\Users\CL\AppData\Local\Temp\ccHOkDB6.s:276    .text.HAL_SPI_MspDeInit:00000020 $d
C:\Users\CL\AppData\Local\Temp\ccHOkDB6.s:283    .rodata.Flash_Read_Write.str1.4:00000000 $d
C:\Users\CL\AppData\Local\Temp\ccHOkDB6.s:290    .text.Flash_Read_Write:00000000 $t
C:\Users\CL\AppData\Local\Temp\ccHOkDB6.s:296    .text.Flash_Read_Write:00000000 Flash_Read_Write
C:\Users\CL\AppData\Local\Temp\ccHOkDB6.s:391    .text.Flash_Read_Write:00000054 $d
C:\Users\CL\AppData\Local\Temp\ccHOkDB6.s:398    .text.Flash_Reset:00000000 $t
C:\Users\CL\AppData\Local\Temp\ccHOkDB6.s:404    .text.Flash_Reset:00000000 Flash_Reset
C:\Users\CL\AppData\Local\Temp\ccHOkDB6.s:474    .text.Flash_Reset:00000044 $d
C:\Users\CL\AppData\Local\Temp\ccHOkDB6.s:485    .bss.hspi1:00000000 hspi1
C:\Users\CL\AppData\Local\Temp\ccHOkDB6.s:481    .bss.hspi1:00000000 $d

UNDEFINED SYMBOLS
HAL_SPI_Init
Error_Handler
HAL_GPIO_Init
HAL_GPIO_DeInit
HAL_GPIO_WritePin
HAL_SPI_Transmit
HAL_SPI_Receive
printf
