ARM GAS  C:\Users\CL\AppData\Local\Temp\cc7JWON5.s 			page 1


   1              		.cpu cortex-m4
   2              		.arch armv7e-m
   3              		.fpu fpv4-sp-d16
   4              		.eabi_attribute 27, 1
   5              		.eabi_attribute 28, 1
   6              		.eabi_attribute 20, 1
   7              		.eabi_attribute 21, 1
   8              		.eabi_attribute 23, 3
   9              		.eabi_attribute 24, 1
  10              		.eabi_attribute 25, 1
  11              		.eabi_attribute 26, 1
  12              		.eabi_attribute 30, 1
  13              		.eabi_attribute 34, 1
  14              		.eabi_attribute 18, 4
  15              		.file	"W25QXX.c"
  16              		.text
  17              	.Ltext0:
  18              		.cfi_sections	.debug_frame
  19              		.section	.text.BSP_W25Qx_Reset,"ax",%progbits
  20              		.align	1
  21              		.syntax unified
  22              		.thumb
  23              		.thumb_func
  25              	BSP_W25Qx_Reset:
  26              	.LFB133:
  27              		.file 1 "Core/Src/W25QXX.c"
   1:Core/Src/W25QXX.c **** /**************************************************************************************************
   2:Core/Src/W25QXX.c **** *
   3:Core/Src/W25QXX.c **** * File                : ws_W25Qx.c
   4:Core/Src/W25QXX.c **** * Hardware Environment: 
   5:Core/Src/W25QXX.c **** * Build Environment   : RealView MDK-ARM  Version: 4.20
   6:Core/Src/W25QXX.c **** * Version             : V1.0
   7:Core/Src/W25QXX.c **** * By                  : 
   8:Core/Src/W25QXX.c **** *
   9:Core/Src/W25QXX.c **** *                                  (c) Copyright 2005-2011, WaveShare
  10:Core/Src/W25QXX.c **** *                                       http://www.waveshare.net
  11:Core/Src/W25QXX.c **** *                                          All Rights Reserved
  12:Core/Src/W25QXX.c **** *
  13:Core/Src/W25QXX.c **** ***************************************************************************************************
  14:Core/Src/W25QXX.c **** 
  15:Core/Src/W25QXX.c **** #include "W25QXX.h"
  16:Core/Src/W25QXX.c **** 
  17:Core/Src/W25QXX.c **** /**
  18:Core/Src/W25QXX.c ****   * @brief  Initializes the W25Q128FV interface.
  19:Core/Src/W25QXX.c ****   * @retval None
  20:Core/Src/W25QXX.c ****   */
  21:Core/Src/W25QXX.c **** uint8_t BSP_W25Qx_Init(void)
  22:Core/Src/W25QXX.c **** { 
  23:Core/Src/W25QXX.c **** 	/* Reset W25Qxxx */
  24:Core/Src/W25QXX.c **** 	BSP_W25Qx_Reset();
  25:Core/Src/W25QXX.c **** 	
  26:Core/Src/W25QXX.c **** 	return BSP_W25Qx_GetStatus();
  27:Core/Src/W25QXX.c **** }
  28:Core/Src/W25QXX.c **** 
  29:Core/Src/W25QXX.c **** /**
  30:Core/Src/W25QXX.c ****   * @brief  This function reset the W25Qx.
  31:Core/Src/W25QXX.c ****   * @retval None
ARM GAS  C:\Users\CL\AppData\Local\Temp\cc7JWON5.s 			page 2


  32:Core/Src/W25QXX.c ****   */
  33:Core/Src/W25QXX.c **** static void	BSP_W25Qx_Reset(void)
  34:Core/Src/W25QXX.c **** {
  28              		.loc 1 34 1 view -0
  29              		.cfi_startproc
  30              		@ args = 0, pretend = 0, frame = 8
  31              		@ frame_needed = 0, uses_anonymous_args = 0
  32 0000 00B5     		push	{lr}
  33              	.LCFI0:
  34              		.cfi_def_cfa_offset 4
  35              		.cfi_offset 14, -4
  36 0002 83B0     		sub	sp, sp, #12
  37              	.LCFI1:
  38              		.cfi_def_cfa_offset 16
  35:Core/Src/W25QXX.c **** 	uint8_t cmd[2] = {RESET_ENABLE_CMD,RESET_MEMORY_CMD};
  39              		.loc 1 35 2 view .LVU1
  40              		.loc 1 35 10 is_stmt 0 view .LVU2
  41 0004 49F66613 		movw	r3, #39270
  42 0008 ADF80430 		strh	r3, [sp, #4]	@ movhi
  36:Core/Src/W25QXX.c **** 	
  37:Core/Src/W25QXX.c **** 	W25Qx_Enable();
  43              		.loc 1 37 2 is_stmt 1 view .LVU3
  44 000c 0022     		movs	r2, #0
  45 000e 1021     		movs	r1, #16
  46 0010 4FF09040 		mov	r0, #1207959552
  47 0014 FFF7FEFF 		bl	HAL_GPIO_WritePin
  48              	.LVL0:
  38:Core/Src/W25QXX.c **** 	/* Send the reset command */
  39:Core/Src/W25QXX.c **** 	HAL_SPI_Transmit(&hspi3, cmd, 2, W25Qx_TIMEOUT_VALUE);	
  49              		.loc 1 39 2 view .LVU4
  50 0018 4FF47A73 		mov	r3, #1000
  51 001c 0222     		movs	r2, #2
  52 001e 01A9     		add	r1, sp, #4
  53 0020 0548     		ldr	r0, .L3
  54 0022 FFF7FEFF 		bl	HAL_SPI_Transmit
  55              	.LVL1:
  40:Core/Src/W25QXX.c **** 	W25Qx_Disable();
  56              		.loc 1 40 2 view .LVU5
  57 0026 0122     		movs	r2, #1
  58 0028 1021     		movs	r1, #16
  59 002a 4FF09040 		mov	r0, #1207959552
  60 002e FFF7FEFF 		bl	HAL_GPIO_WritePin
  61              	.LVL2:
  41:Core/Src/W25QXX.c **** 
  42:Core/Src/W25QXX.c **** }
  62              		.loc 1 42 1 is_stmt 0 view .LVU6
  63 0032 03B0     		add	sp, sp, #12
  64              	.LCFI2:
  65              		.cfi_def_cfa_offset 4
  66              		@ sp needed
  67 0034 5DF804FB 		ldr	pc, [sp], #4
  68              	.L4:
  69              		.align	2
  70              	.L3:
  71 0038 00000000 		.word	hspi3
  72              		.cfi_endproc
  73              	.LFE133:
ARM GAS  C:\Users\CL\AppData\Local\Temp\cc7JWON5.s 			page 3


  75              		.section	.text.BSP_W25Qx_GetStatus,"ax",%progbits
  76              		.align	1
  77              		.syntax unified
  78              		.thumb
  79              		.thumb_func
  81              	BSP_W25Qx_GetStatus:
  82              	.LFB134:
  43:Core/Src/W25QXX.c **** 
  44:Core/Src/W25QXX.c **** /**
  45:Core/Src/W25QXX.c ****   * @brief  Reads current status of the W25Q128FV.
  46:Core/Src/W25QXX.c ****   * @retval W25Q128FV memory status
  47:Core/Src/W25QXX.c ****   */
  48:Core/Src/W25QXX.c **** static uint8_t BSP_W25Qx_GetStatus(void)
  49:Core/Src/W25QXX.c **** {
  83              		.loc 1 49 1 is_stmt 1 view -0
  84              		.cfi_startproc
  85              		@ args = 0, pretend = 0, frame = 8
  86              		@ frame_needed = 0, uses_anonymous_args = 0
  87 0000 10B5     		push	{r4, lr}
  88              	.LCFI3:
  89              		.cfi_def_cfa_offset 8
  90              		.cfi_offset 4, -8
  91              		.cfi_offset 14, -4
  92 0002 82B0     		sub	sp, sp, #8
  93              	.LCFI4:
  94              		.cfi_def_cfa_offset 16
  50:Core/Src/W25QXX.c **** 	uint8_t cmd[] = {READ_STATUS_REG1_CMD};
  95              		.loc 1 50 2 view .LVU8
  96              		.loc 1 50 10 is_stmt 0 view .LVU9
  97 0004 0523     		movs	r3, #5
  98 0006 8DF80430 		strb	r3, [sp, #4]
  51:Core/Src/W25QXX.c **** 	uint8_t status;
  99              		.loc 1 51 2 is_stmt 1 view .LVU10
  52:Core/Src/W25QXX.c **** 	
  53:Core/Src/W25QXX.c **** 	W25Qx_Enable();
 100              		.loc 1 53 2 view .LVU11
 101 000a 0022     		movs	r2, #0
 102 000c 1021     		movs	r1, #16
 103 000e 4FF09040 		mov	r0, #1207959552
 104 0012 FFF7FEFF 		bl	HAL_GPIO_WritePin
 105              	.LVL3:
  54:Core/Src/W25QXX.c **** 	/* Send the read status command */
  55:Core/Src/W25QXX.c **** 	HAL_SPI_Transmit(&hspi3, cmd, 1, W25Qx_TIMEOUT_VALUE);	
 106              		.loc 1 55 2 view .LVU12
 107 0016 0F4C     		ldr	r4, .L9
 108 0018 4FF47A73 		mov	r3, #1000
 109 001c 0122     		movs	r2, #1
 110 001e 01A9     		add	r1, sp, #4
 111 0020 2046     		mov	r0, r4
 112 0022 FFF7FEFF 		bl	HAL_SPI_Transmit
 113              	.LVL4:
  56:Core/Src/W25QXX.c **** 	/* Reception of the data */
  57:Core/Src/W25QXX.c **** 	HAL_SPI_Receive(&hspi3,&status, 1, W25Qx_TIMEOUT_VALUE);
 114              		.loc 1 57 2 view .LVU13
 115 0026 4FF47A73 		mov	r3, #1000
 116 002a 0122     		movs	r2, #1
 117 002c 0DF10301 		add	r1, sp, #3
ARM GAS  C:\Users\CL\AppData\Local\Temp\cc7JWON5.s 			page 4


 118 0030 2046     		mov	r0, r4
 119 0032 FFF7FEFF 		bl	HAL_SPI_Receive
 120              	.LVL5:
  58:Core/Src/W25QXX.c **** 	W25Qx_Disable();
 121              		.loc 1 58 2 view .LVU14
 122 0036 0122     		movs	r2, #1
 123 0038 1021     		movs	r1, #16
 124 003a 4FF09040 		mov	r0, #1207959552
 125 003e FFF7FEFF 		bl	HAL_GPIO_WritePin
 126              	.LVL6:
  59:Core/Src/W25QXX.c **** 	
  60:Core/Src/W25QXX.c **** 	/* Check the value of the register */
  61:Core/Src/W25QXX.c ****   if((status & W25Q128FV_FSR_BUSY) != 0)
 127              		.loc 1 61 3 view .LVU15
 128              		.loc 1 61 14 is_stmt 0 view .LVU16
 129 0042 9DF80300 		ldrb	r0, [sp, #3]	@ zero_extendqisi2
 130              		.loc 1 61 5 view .LVU17
 131 0046 10F00100 		ands	r0, r0, #1
 132 004a 01D1     		bne	.L8
 133              	.L6:
  62:Core/Src/W25QXX.c ****   {
  63:Core/Src/W25QXX.c ****     return W25Qx_BUSY;
  64:Core/Src/W25QXX.c ****   }
  65:Core/Src/W25QXX.c **** 	else
  66:Core/Src/W25QXX.c **** 	{
  67:Core/Src/W25QXX.c **** 		return W25Qx_OK;
  68:Core/Src/W25QXX.c **** 	}		
  69:Core/Src/W25QXX.c **** }
 134              		.loc 1 69 1 view .LVU18
 135 004c 02B0     		add	sp, sp, #8
 136              	.LCFI5:
 137              		.cfi_remember_state
 138              		.cfi_def_cfa_offset 8
 139              		@ sp needed
 140 004e 10BD     		pop	{r4, pc}
 141              	.L8:
 142              	.LCFI6:
 143              		.cfi_restore_state
  63:Core/Src/W25QXX.c ****   }
 144              		.loc 1 63 12 view .LVU19
 145 0050 0220     		movs	r0, #2
 146 0052 FBE7     		b	.L6
 147              	.L10:
 148              		.align	2
 149              	.L9:
 150 0054 00000000 		.word	hspi3
 151              		.cfi_endproc
 152              	.LFE134:
 154              		.section	.text.BSP_W25Qx_Init,"ax",%progbits
 155              		.align	1
 156              		.global	BSP_W25Qx_Init
 157              		.syntax unified
 158              		.thumb
 159              		.thumb_func
 161              	BSP_W25Qx_Init:
 162              	.LFB132:
  22:Core/Src/W25QXX.c **** 	/* Reset W25Qxxx */
ARM GAS  C:\Users\CL\AppData\Local\Temp\cc7JWON5.s 			page 5


 163              		.loc 1 22 1 is_stmt 1 view -0
 164              		.cfi_startproc
 165              		@ args = 0, pretend = 0, frame = 0
 166              		@ frame_needed = 0, uses_anonymous_args = 0
 167 0000 08B5     		push	{r3, lr}
 168              	.LCFI7:
 169              		.cfi_def_cfa_offset 8
 170              		.cfi_offset 3, -8
 171              		.cfi_offset 14, -4
  24:Core/Src/W25QXX.c **** 	
 172              		.loc 1 24 2 view .LVU21
 173 0002 FFF7FEFF 		bl	BSP_W25Qx_Reset
 174              	.LVL7:
  26:Core/Src/W25QXX.c **** }
 175              		.loc 1 26 2 view .LVU22
  26:Core/Src/W25QXX.c **** }
 176              		.loc 1 26 9 is_stmt 0 view .LVU23
 177 0006 FFF7FEFF 		bl	BSP_W25Qx_GetStatus
 178              	.LVL8:
  27:Core/Src/W25QXX.c **** 
 179              		.loc 1 27 1 view .LVU24
 180 000a 08BD     		pop	{r3, pc}
 181              		.cfi_endproc
 182              	.LFE132:
 184              		.section	.text.BSP_W25Qx_WriteEnable,"ax",%progbits
 185              		.align	1
 186              		.global	BSP_W25Qx_WriteEnable
 187              		.syntax unified
 188              		.thumb
 189              		.thumb_func
 191              	BSP_W25Qx_WriteEnable:
 192              	.LFB135:
  70:Core/Src/W25QXX.c **** 
  71:Core/Src/W25QXX.c **** /**
  72:Core/Src/W25QXX.c ****   * @brief  This function send a Write Enable and wait it is effective.
  73:Core/Src/W25QXX.c ****   * @retval None
  74:Core/Src/W25QXX.c ****   */
  75:Core/Src/W25QXX.c **** uint8_t BSP_W25Qx_WriteEnable(void)
  76:Core/Src/W25QXX.c **** {
 193              		.loc 1 76 1 is_stmt 1 view -0
 194              		.cfi_startproc
 195              		@ args = 0, pretend = 0, frame = 8
 196              		@ frame_needed = 0, uses_anonymous_args = 0
 197 0000 10B5     		push	{r4, lr}
 198              	.LCFI8:
 199              		.cfi_def_cfa_offset 8
 200              		.cfi_offset 4, -8
 201              		.cfi_offset 14, -4
 202 0002 82B0     		sub	sp, sp, #8
 203              	.LCFI9:
 204              		.cfi_def_cfa_offset 16
  77:Core/Src/W25QXX.c **** 	uint8_t cmd[] = {WRITE_ENABLE_CMD};
 205              		.loc 1 77 2 view .LVU26
 206              		.loc 1 77 10 is_stmt 0 view .LVU27
 207 0004 0623     		movs	r3, #6
 208 0006 8DF80430 		strb	r3, [sp, #4]
  78:Core/Src/W25QXX.c **** 	uint32_t tickstart = HAL_GetTick();
ARM GAS  C:\Users\CL\AppData\Local\Temp\cc7JWON5.s 			page 6


 209              		.loc 1 78 2 is_stmt 1 view .LVU28
 210              		.loc 1 78 23 is_stmt 0 view .LVU29
 211 000a FFF7FEFF 		bl	HAL_GetTick
 212              	.LVL9:
 213 000e 0446     		mov	r4, r0
 214              	.LVL10:
  79:Core/Src/W25QXX.c **** 
  80:Core/Src/W25QXX.c **** 	/*Select the FLASH: Chip Select low */
  81:Core/Src/W25QXX.c **** 	W25Qx_Enable();
 215              		.loc 1 81 2 is_stmt 1 view .LVU30
 216 0010 0022     		movs	r2, #0
 217 0012 1021     		movs	r1, #16
 218 0014 4FF09040 		mov	r0, #1207959552
 219              	.LVL11:
 220              		.loc 1 81 2 is_stmt 0 view .LVU31
 221 0018 FFF7FEFF 		bl	HAL_GPIO_WritePin
 222              	.LVL12:
  82:Core/Src/W25QXX.c **** 	/* Send the read ID command */
  83:Core/Src/W25QXX.c **** 	HAL_SPI_Transmit(&hspi3, cmd, 1, W25Qx_TIMEOUT_VALUE);	
 223              		.loc 1 83 2 is_stmt 1 view .LVU32
 224 001c 4FF47A73 		mov	r3, #1000
 225 0020 0122     		movs	r2, #1
 226 0022 01A9     		add	r1, sp, #4
 227 0024 0B48     		ldr	r0, .L18
 228 0026 FFF7FEFF 		bl	HAL_SPI_Transmit
 229              	.LVL13:
  84:Core/Src/W25QXX.c **** 	/*Deselect the FLASH: Chip Select high */
  85:Core/Src/W25QXX.c **** 	W25Qx_Disable();
 230              		.loc 1 85 2 view .LVU33
 231 002a 0122     		movs	r2, #1
 232 002c 1021     		movs	r1, #16
 233 002e 4FF09040 		mov	r0, #1207959552
 234 0032 FFF7FEFF 		bl	HAL_GPIO_WritePin
 235              	.LVL14:
  86:Core/Src/W25QXX.c **** 	
  87:Core/Src/W25QXX.c **** 	/* Wait the end of Flash writing */
  88:Core/Src/W25QXX.c **** 	while(BSP_W25Qx_GetStatus() == W25Qx_BUSY);
 236              		.loc 1 88 2 view .LVU34
 237              	.L14:
 238              		.loc 1 88 44 discriminator 1 view .LVU35
 239              		.loc 1 88 7 discriminator 1 view .LVU36
 240              		.loc 1 88 8 is_stmt 0 discriminator 1 view .LVU37
 241 0036 FFF7FEFF 		bl	BSP_W25Qx_GetStatus
 242              	.LVL15:
 243              		.loc 1 88 7 discriminator 1 view .LVU38
 244 003a 0228     		cmp	r0, #2
 245 003c FBD0     		beq	.L14
  89:Core/Src/W25QXX.c **** 	{
  90:Core/Src/W25QXX.c **** 		/* Check for the Timeout */
  91:Core/Src/W25QXX.c ****     if((HAL_GetTick() - tickstart) > W25Qx_TIMEOUT_VALUE)
 246              		.loc 1 91 5 is_stmt 1 view .LVU39
 247              		.loc 1 91 9 is_stmt 0 view .LVU40
 248 003e FFF7FEFF 		bl	HAL_GetTick
 249              	.LVL16:
 250              		.loc 1 91 23 view .LVU41
 251 0042 001B     		subs	r0, r0, r4
 252              		.loc 1 91 7 view .LVU42
ARM GAS  C:\Users\CL\AppData\Local\Temp\cc7JWON5.s 			page 7


 253 0044 B0F57A7F 		cmp	r0, #1000
 254 0048 02D8     		bhi	.L16
  92:Core/Src/W25QXX.c ****     {        
  93:Core/Src/W25QXX.c **** 			return W25Qx_TIMEOUT;
  94:Core/Src/W25QXX.c ****     }
  95:Core/Src/W25QXX.c **** 	}
  96:Core/Src/W25QXX.c **** 	
  97:Core/Src/W25QXX.c **** 	return W25Qx_OK;
 255              		.loc 1 97 9 view .LVU43
 256 004a 0020     		movs	r0, #0
 257              	.L15:
  98:Core/Src/W25QXX.c **** }
 258              		.loc 1 98 1 view .LVU44
 259 004c 02B0     		add	sp, sp, #8
 260              	.LCFI10:
 261              		.cfi_remember_state
 262              		.cfi_def_cfa_offset 8
 263              		@ sp needed
 264 004e 10BD     		pop	{r4, pc}
 265              	.LVL17:
 266              	.L16:
 267              	.LCFI11:
 268              		.cfi_restore_state
  93:Core/Src/W25QXX.c ****     }
 269              		.loc 1 93 11 view .LVU45
 270 0050 0320     		movs	r0, #3
 271 0052 FBE7     		b	.L15
 272              	.L19:
 273              		.align	2
 274              	.L18:
 275 0054 00000000 		.word	hspi3
 276              		.cfi_endproc
 277              	.LFE135:
 279              		.section	.text.BSP_W25Qx_Read_ID,"ax",%progbits
 280              		.align	1
 281              		.global	BSP_W25Qx_Read_ID
 282              		.syntax unified
 283              		.thumb
 284              		.thumb_func
 286              	BSP_W25Qx_Read_ID:
 287              	.LVL18:
 288              	.LFB136:
  99:Core/Src/W25QXX.c **** 
 100:Core/Src/W25QXX.c **** /**
 101:Core/Src/W25QXX.c ****   * @brief  Read Manufacture/Device ID.
 102:Core/Src/W25QXX.c **** 	* @param  return value address
 103:Core/Src/W25QXX.c ****   * @retval None
 104:Core/Src/W25QXX.c ****   */
 105:Core/Src/W25QXX.c **** void BSP_W25Qx_Read_ID(uint8_t *ID)
 106:Core/Src/W25QXX.c **** {
 289              		.loc 1 106 1 is_stmt 1 view -0
 290              		.cfi_startproc
 291              		@ args = 0, pretend = 0, frame = 8
 292              		@ frame_needed = 0, uses_anonymous_args = 0
 293              		.loc 1 106 1 is_stmt 0 view .LVU47
 294 0000 30B5     		push	{r4, r5, lr}
 295              	.LCFI12:
ARM GAS  C:\Users\CL\AppData\Local\Temp\cc7JWON5.s 			page 8


 296              		.cfi_def_cfa_offset 12
 297              		.cfi_offset 4, -12
 298              		.cfi_offset 5, -8
 299              		.cfi_offset 14, -4
 300 0002 83B0     		sub	sp, sp, #12
 301              	.LCFI13:
 302              		.cfi_def_cfa_offset 24
 303 0004 0446     		mov	r4, r0
 107:Core/Src/W25QXX.c **** 	uint8_t cmd[4] = {READ_ID_CMD,0x00,0x00,0x00};
 304              		.loc 1 107 2 is_stmt 1 view .LVU48
 305              		.loc 1 107 10 is_stmt 0 view .LVU49
 306 0006 9023     		movs	r3, #144
 307 0008 0193     		str	r3, [sp, #4]
 108:Core/Src/W25QXX.c **** 	
 109:Core/Src/W25QXX.c **** 	W25Qx_Enable();
 308              		.loc 1 109 2 is_stmt 1 view .LVU50
 309 000a 0022     		movs	r2, #0
 310 000c 1021     		movs	r1, #16
 311 000e 4FF09040 		mov	r0, #1207959552
 312              	.LVL19:
 313              		.loc 1 109 2 is_stmt 0 view .LVU51
 314 0012 FFF7FEFF 		bl	HAL_GPIO_WritePin
 315              	.LVL20:
 110:Core/Src/W25QXX.c **** 	/* Send the read ID command */
 111:Core/Src/W25QXX.c **** 	HAL_SPI_Transmit(&hspi3, cmd, 4, W25Qx_TIMEOUT_VALUE);	
 316              		.loc 1 111 2 is_stmt 1 view .LVU52
 317 0016 0C4D     		ldr	r5, .L22
 318 0018 4FF47A73 		mov	r3, #1000
 319 001c 0422     		movs	r2, #4
 320 001e 0DEB0201 		add	r1, sp, r2
 321 0022 2846     		mov	r0, r5
 322 0024 FFF7FEFF 		bl	HAL_SPI_Transmit
 323              	.LVL21:
 112:Core/Src/W25QXX.c **** 	/* Reception of the data */
 113:Core/Src/W25QXX.c **** 	HAL_SPI_Receive(&hspi3,ID, 2, W25Qx_TIMEOUT_VALUE);
 324              		.loc 1 113 2 view .LVU53
 325 0028 4FF47A73 		mov	r3, #1000
 326 002c 0222     		movs	r2, #2
 327 002e 2146     		mov	r1, r4
 328 0030 2846     		mov	r0, r5
 329 0032 FFF7FEFF 		bl	HAL_SPI_Receive
 330              	.LVL22:
 114:Core/Src/W25QXX.c **** 	W25Qx_Disable();
 331              		.loc 1 114 2 view .LVU54
 332 0036 0122     		movs	r2, #1
 333 0038 1021     		movs	r1, #16
 334 003a 4FF09040 		mov	r0, #1207959552
 335 003e FFF7FEFF 		bl	HAL_GPIO_WritePin
 336              	.LVL23:
 115:Core/Src/W25QXX.c **** 		
 116:Core/Src/W25QXX.c **** }
 337              		.loc 1 116 1 is_stmt 0 view .LVU55
 338 0042 03B0     		add	sp, sp, #12
 339              	.LCFI14:
 340              		.cfi_def_cfa_offset 12
 341              		@ sp needed
 342 0044 30BD     		pop	{r4, r5, pc}
ARM GAS  C:\Users\CL\AppData\Local\Temp\cc7JWON5.s 			page 9


 343              	.LVL24:
 344              	.L23:
 345              		.loc 1 116 1 view .LVU56
 346 0046 00BF     		.align	2
 347              	.L22:
 348 0048 00000000 		.word	hspi3
 349              		.cfi_endproc
 350              	.LFE136:
 352              		.section	.text.BSP_W25Qx_Read,"ax",%progbits
 353              		.align	1
 354              		.global	BSP_W25Qx_Read
 355              		.syntax unified
 356              		.thumb
 357              		.thumb_func
 359              	BSP_W25Qx_Read:
 360              	.LVL25:
 361              	.LFB137:
 117:Core/Src/W25QXX.c **** 
 118:Core/Src/W25QXX.c **** /**
 119:Core/Src/W25QXX.c ****   * @brief  Reads an amount of data from the QSPI memory.
 120:Core/Src/W25QXX.c ****   * @param  pData: Pointer to data to be read
 121:Core/Src/W25QXX.c ****   * @param  ReadAddr: Read start address
 122:Core/Src/W25QXX.c ****   * @param  Size: Size of data to read    
 123:Core/Src/W25QXX.c ****   * @retval QSPI memory status
 124:Core/Src/W25QXX.c ****   */
 125:Core/Src/W25QXX.c **** uint8_t BSP_W25Qx_Read(uint8_t* pData, uint32_t ReadAddr, uint32_t Size)
 126:Core/Src/W25QXX.c **** {
 362              		.loc 1 126 1 is_stmt 1 view -0
 363              		.cfi_startproc
 364              		@ args = 0, pretend = 0, frame = 8
 365              		@ frame_needed = 0, uses_anonymous_args = 0
 366              		.loc 1 126 1 is_stmt 0 view .LVU58
 367 0000 70B5     		push	{r4, r5, r6, lr}
 368              	.LCFI15:
 369              		.cfi_def_cfa_offset 16
 370              		.cfi_offset 4, -16
 371              		.cfi_offset 5, -12
 372              		.cfi_offset 6, -8
 373              		.cfi_offset 14, -4
 374 0002 82B0     		sub	sp, sp, #8
 375              	.LCFI16:
 376              		.cfi_def_cfa_offset 24
 377 0004 0446     		mov	r4, r0
 378 0006 1546     		mov	r5, r2
 127:Core/Src/W25QXX.c **** 	uint8_t cmd[4];
 379              		.loc 1 127 2 is_stmt 1 view .LVU59
 128:Core/Src/W25QXX.c **** 
 129:Core/Src/W25QXX.c **** 	/* Configure the command */
 130:Core/Src/W25QXX.c **** 	cmd[0] = READ_CMD;
 380              		.loc 1 130 2 view .LVU60
 381              		.loc 1 130 9 is_stmt 0 view .LVU61
 382 0008 0323     		movs	r3, #3
 383 000a 8DF80430 		strb	r3, [sp, #4]
 131:Core/Src/W25QXX.c **** 	cmd[1] = (uint8_t)(ReadAddr >> 16);
 384              		.loc 1 131 2 is_stmt 1 view .LVU62
 385              		.loc 1 131 11 is_stmt 0 view .LVU63
 386 000e C1F30743 		ubfx	r3, r1, #16, #8
ARM GAS  C:\Users\CL\AppData\Local\Temp\cc7JWON5.s 			page 10


 387              		.loc 1 131 9 view .LVU64
 388 0012 8DF80530 		strb	r3, [sp, #5]
 132:Core/Src/W25QXX.c **** 	cmd[2] = (uint8_t)(ReadAddr >> 8);
 389              		.loc 1 132 2 is_stmt 1 view .LVU65
 390              		.loc 1 132 11 is_stmt 0 view .LVU66
 391 0016 C1F30723 		ubfx	r3, r1, #8, #8
 392              		.loc 1 132 9 view .LVU67
 393 001a 8DF80630 		strb	r3, [sp, #6]
 133:Core/Src/W25QXX.c **** 	cmd[3] = (uint8_t)(ReadAddr);
 394              		.loc 1 133 2 is_stmt 1 view .LVU68
 395              		.loc 1 133 9 is_stmt 0 view .LVU69
 396 001e 8DF80710 		strb	r1, [sp, #7]
 134:Core/Src/W25QXX.c **** 	
 135:Core/Src/W25QXX.c **** 	W25Qx_Enable();
 397              		.loc 1 135 2 is_stmt 1 view .LVU70
 398 0022 0022     		movs	r2, #0
 399              	.LVL26:
 400              		.loc 1 135 2 is_stmt 0 view .LVU71
 401 0024 1021     		movs	r1, #16
 402              	.LVL27:
 403              		.loc 1 135 2 view .LVU72
 404 0026 4FF09040 		mov	r0, #1207959552
 405              	.LVL28:
 406              		.loc 1 135 2 view .LVU73
 407 002a FFF7FEFF 		bl	HAL_GPIO_WritePin
 408              	.LVL29:
 136:Core/Src/W25QXX.c **** 	/* Send the read ID command */
 137:Core/Src/W25QXX.c **** 	HAL_SPI_Transmit(&hspi3, cmd, 4, W25Qx_TIMEOUT_VALUE);	
 409              		.loc 1 137 2 is_stmt 1 view .LVU74
 410 002e 0E4E     		ldr	r6, .L29
 411 0030 4FF47A73 		mov	r3, #1000
 412 0034 0422     		movs	r2, #4
 413 0036 0DEB0201 		add	r1, sp, r2
 414 003a 3046     		mov	r0, r6
 415 003c FFF7FEFF 		bl	HAL_SPI_Transmit
 416              	.LVL30:
 138:Core/Src/W25QXX.c **** 	/* Reception of the data */
 139:Core/Src/W25QXX.c **** 	if (HAL_SPI_Receive(&hspi3, pData,Size,W25Qx_TIMEOUT_VALUE) != HAL_OK)
 417              		.loc 1 139 2 view .LVU75
 418              		.loc 1 139 6 is_stmt 0 view .LVU76
 419 0040 4FF47A73 		mov	r3, #1000
 420 0044 AAB2     		uxth	r2, r5
 421 0046 2146     		mov	r1, r4
 422 0048 3046     		mov	r0, r6
 423 004a FFF7FEFF 		bl	HAL_SPI_Receive
 424              	.LVL31:
 425              		.loc 1 139 5 view .LVU77
 426 004e 18B1     		cbz	r0, .L28
 140:Core/Src/W25QXX.c ****   {
 141:Core/Src/W25QXX.c ****     return W25Qx_ERROR;
 427              		.loc 1 141 12 view .LVU78
 428 0050 0124     		movs	r4, #1
 429              	.LVL32:
 430              	.L25:
 142:Core/Src/W25QXX.c ****   }
 143:Core/Src/W25QXX.c **** 	W25Qx_Disable();
 144:Core/Src/W25QXX.c **** 	return W25Qx_OK;
ARM GAS  C:\Users\CL\AppData\Local\Temp\cc7JWON5.s 			page 11


 145:Core/Src/W25QXX.c **** }
 431              		.loc 1 145 1 view .LVU79
 432 0052 2046     		mov	r0, r4
 433 0054 02B0     		add	sp, sp, #8
 434              	.LCFI17:
 435              		.cfi_remember_state
 436              		.cfi_def_cfa_offset 16
 437              		@ sp needed
 438 0056 70BD     		pop	{r4, r5, r6, pc}
 439              	.LVL33:
 440              	.L28:
 441              	.LCFI18:
 442              		.cfi_restore_state
 443              		.loc 1 145 1 view .LVU80
 444 0058 0446     		mov	r4, r0
 445              	.LVL34:
 143:Core/Src/W25QXX.c **** 	return W25Qx_OK;
 446              		.loc 1 143 2 is_stmt 1 view .LVU81
 447 005a 0122     		movs	r2, #1
 448 005c 1021     		movs	r1, #16
 449 005e 4FF09040 		mov	r0, #1207959552
 450 0062 FFF7FEFF 		bl	HAL_GPIO_WritePin
 451              	.LVL35:
 144:Core/Src/W25QXX.c **** }
 452              		.loc 1 144 2 view .LVU82
 144:Core/Src/W25QXX.c **** }
 453              		.loc 1 144 9 is_stmt 0 view .LVU83
 454 0066 F4E7     		b	.L25
 455              	.L30:
 456              		.align	2
 457              	.L29:
 458 0068 00000000 		.word	hspi3
 459              		.cfi_endproc
 460              	.LFE137:
 462              		.section	.text.BSP_W25Qx_Write,"ax",%progbits
 463              		.align	1
 464              		.global	BSP_W25Qx_Write
 465              		.syntax unified
 466              		.thumb
 467              		.thumb_func
 469              	BSP_W25Qx_Write:
 470              	.LVL36:
 471              	.LFB138:
 146:Core/Src/W25QXX.c **** 
 147:Core/Src/W25QXX.c **** /**
 148:Core/Src/W25QXX.c ****   * @brief  Writes an amount of data to the QSPI memory.
 149:Core/Src/W25QXX.c ****   * @param  pData: Pointer to data to be written
 150:Core/Src/W25QXX.c ****   * @param  WriteAddr: Write start address
 151:Core/Src/W25QXX.c ****   * @param  Size: Size of data to write,No more than 256byte.    
 152:Core/Src/W25QXX.c ****   * @retval QSPI memory status
 153:Core/Src/W25QXX.c ****   */
 154:Core/Src/W25QXX.c **** uint8_t BSP_W25Qx_Write(uint8_t* pData, uint32_t WriteAddr, uint32_t Size)
 155:Core/Src/W25QXX.c **** {
 472              		.loc 1 155 1 is_stmt 1 view -0
 473              		.cfi_startproc
 474              		@ args = 0, pretend = 0, frame = 8
 475              		@ frame_needed = 0, uses_anonymous_args = 0
ARM GAS  C:\Users\CL\AppData\Local\Temp\cc7JWON5.s 			page 12


 476              		.loc 1 155 1 is_stmt 0 view .LVU85
 477 0000 2DE9F043 		push	{r4, r5, r6, r7, r8, r9, lr}
 478              	.LCFI19:
 479              		.cfi_def_cfa_offset 28
 480              		.cfi_offset 4, -28
 481              		.cfi_offset 5, -24
 482              		.cfi_offset 6, -20
 483              		.cfi_offset 7, -16
 484              		.cfi_offset 8, -12
 485              		.cfi_offset 9, -8
 486              		.cfi_offset 14, -4
 487 0004 83B0     		sub	sp, sp, #12
 488              	.LCFI20:
 489              		.cfi_def_cfa_offset 40
 490 0006 0646     		mov	r6, r0
 491 0008 0C46     		mov	r4, r1
 492 000a 1746     		mov	r7, r2
 156:Core/Src/W25QXX.c **** 	uint8_t cmd[4];
 493              		.loc 1 156 2 is_stmt 1 view .LVU86
 157:Core/Src/W25QXX.c **** 	uint32_t end_addr, current_size, current_addr;
 494              		.loc 1 157 2 view .LVU87
 158:Core/Src/W25QXX.c **** 	uint32_t tickstart = HAL_GetTick();
 495              		.loc 1 158 2 view .LVU88
 496              		.loc 1 158 23 is_stmt 0 view .LVU89
 497 000c FFF7FEFF 		bl	HAL_GetTick
 498              	.LVL37:
 499              		.loc 1 158 23 view .LVU90
 500 0010 8046     		mov	r8, r0
 501              	.LVL38:
 159:Core/Src/W25QXX.c **** 	
 160:Core/Src/W25QXX.c **** 	/* Calculation of the size between the write address and the end of the page */
 161:Core/Src/W25QXX.c ****   current_addr = 0;
 502              		.loc 1 161 3 is_stmt 1 view .LVU91
 162:Core/Src/W25QXX.c **** 
 163:Core/Src/W25QXX.c ****   while (current_addr <= WriteAddr)
 503              		.loc 1 163 3 view .LVU92
 161:Core/Src/W25QXX.c **** 
 504              		.loc 1 161 16 is_stmt 0 view .LVU93
 505 0012 0025     		movs	r5, #0
 506              		.loc 1 163 9 view .LVU94
 507 0014 01E0     		b	.L32
 508              	.LVL39:
 509              	.L33:
 164:Core/Src/W25QXX.c ****   {
 165:Core/Src/W25QXX.c ****     current_addr += W25Q128FV_PAGE_SIZE;
 510              		.loc 1 165 5 is_stmt 1 view .LVU95
 511              		.loc 1 165 18 is_stmt 0 view .LVU96
 512 0016 05F58075 		add	r5, r5, #256
 513              	.LVL40:
 514              	.L32:
 163:Core/Src/W25QXX.c ****   {
 515              		.loc 1 163 9 is_stmt 1 view .LVU97
 516 001a A542     		cmp	r5, r4
 517 001c FBD9     		bls	.L33
 166:Core/Src/W25QXX.c ****   }
 167:Core/Src/W25QXX.c ****   current_size = current_addr - WriteAddr;
 518              		.loc 1 167 3 view .LVU98
ARM GAS  C:\Users\CL\AppData\Local\Temp\cc7JWON5.s 			page 13


 519              		.loc 1 167 16 is_stmt 0 view .LVU99
 520 001e 2D1B     		subs	r5, r5, r4
 521              	.LVL41:
 168:Core/Src/W25QXX.c **** 
 169:Core/Src/W25QXX.c ****   /* Check if the size of the data is less than the remaining place in the page */
 170:Core/Src/W25QXX.c ****   if (current_size > Size)
 522              		.loc 1 170 3 is_stmt 1 view .LVU100
 523              		.loc 1 170 6 is_stmt 0 view .LVU101
 524 0020 BD42     		cmp	r5, r7
 525 0022 00D9     		bls	.L34
 171:Core/Src/W25QXX.c ****   {
 172:Core/Src/W25QXX.c ****     current_size = Size;
 526              		.loc 1 172 18 view .LVU102
 527 0024 3D46     		mov	r5, r7
 528              	.LVL42:
 529              	.L34:
 173:Core/Src/W25QXX.c ****   }
 174:Core/Src/W25QXX.c **** 
 175:Core/Src/W25QXX.c ****   /* Initialize the adress variables */
 176:Core/Src/W25QXX.c ****   current_addr = WriteAddr;
 530              		.loc 1 176 3 is_stmt 1 view .LVU103
 177:Core/Src/W25QXX.c ****   end_addr = WriteAddr + Size;
 531              		.loc 1 177 3 view .LVU104
 532              		.loc 1 177 12 is_stmt 0 view .LVU105
 533 0026 2744     		add	r7, r7, r4
 534              	.LVL43:
 535              		.loc 1 177 12 view .LVU106
 536 0028 03E0     		b	.L38
 537              	.LVL44:
 538              	.L43:
 178:Core/Src/W25QXX.c **** 	
 179:Core/Src/W25QXX.c ****   /* Perform the write page by page */
 180:Core/Src/W25QXX.c ****   do
 181:Core/Src/W25QXX.c ****   {
 182:Core/Src/W25QXX.c **** 		/* Configure the command */
 183:Core/Src/W25QXX.c **** 		cmd[0] = PAGE_PROG_CMD;
 184:Core/Src/W25QXX.c **** 		cmd[1] = (uint8_t)(current_addr >> 16);
 185:Core/Src/W25QXX.c **** 		cmd[2] = (uint8_t)(current_addr >> 8);
 186:Core/Src/W25QXX.c **** 		cmd[3] = (uint8_t)(current_addr);
 187:Core/Src/W25QXX.c **** 
 188:Core/Src/W25QXX.c **** 		/* Enable write operations */
 189:Core/Src/W25QXX.c **** 		BSP_W25Qx_WriteEnable();
 190:Core/Src/W25QXX.c **** 	
 191:Core/Src/W25QXX.c **** 		W25Qx_Enable();
 192:Core/Src/W25QXX.c ****     /* Send the command */
 193:Core/Src/W25QXX.c ****     if (HAL_SPI_Transmit(&hspi3,cmd, 4, W25Qx_TIMEOUT_VALUE) != HAL_OK)
 194:Core/Src/W25QXX.c ****     {
 195:Core/Src/W25QXX.c ****       return W25Qx_ERROR;
 196:Core/Src/W25QXX.c ****     }
 197:Core/Src/W25QXX.c ****     
 198:Core/Src/W25QXX.c ****     /* Transmission of the data */
 199:Core/Src/W25QXX.c ****     if (HAL_SPI_Transmit(&hspi3, pData,current_size, W25Qx_TIMEOUT_VALUE) != HAL_OK)
 200:Core/Src/W25QXX.c ****     {
 201:Core/Src/W25QXX.c ****       return W25Qx_ERROR;
 202:Core/Src/W25QXX.c ****     }
 203:Core/Src/W25QXX.c **** 			W25Qx_Disable();
 204:Core/Src/W25QXX.c ****     	/* Wait the end of Flash writing */
ARM GAS  C:\Users\CL\AppData\Local\Temp\cc7JWON5.s 			page 14


 205:Core/Src/W25QXX.c **** 		while(BSP_W25Qx_GetStatus() == W25Qx_BUSY);
 206:Core/Src/W25QXX.c **** 		{
 207:Core/Src/W25QXX.c **** 			/* Check for the Timeout */
 208:Core/Src/W25QXX.c **** 			if((HAL_GetTick() - tickstart) > W25Qx_TIMEOUT_VALUE)
 209:Core/Src/W25QXX.c **** 			{        
 210:Core/Src/W25QXX.c **** 				return W25Qx_TIMEOUT;
 211:Core/Src/W25QXX.c **** 			}
 212:Core/Src/W25QXX.c **** 		}
 213:Core/Src/W25QXX.c ****     
 214:Core/Src/W25QXX.c ****     /* Update the address and size variables for next page programming */
 215:Core/Src/W25QXX.c ****     current_addr += current_size;
 216:Core/Src/W25QXX.c ****     pData += current_size;
 217:Core/Src/W25QXX.c ****     current_size = ((current_addr + W25Q128FV_PAGE_SIZE) > end_addr) ? (end_addr - current_addr) : 
 539              		.loc 1 217 98 view .LVU107
 540 002a 4FF48075 		mov	r5, #256
 541              	.LVL45:
 542              	.L37:
 218:Core/Src/W25QXX.c ****   } while (current_addr < end_addr);
 543              		.loc 1 218 11 is_stmt 1 discriminator 4 view .LVU108
 544              		.loc 1 218 3 is_stmt 0 discriminator 4 view .LVU109
 545 002e A742     		cmp	r7, r4
 546 0030 41D9     		bls	.L35
 547              	.L38:
 180:Core/Src/W25QXX.c ****   {
 548              		.loc 1 180 3 is_stmt 1 view .LVU110
 183:Core/Src/W25QXX.c **** 		cmd[1] = (uint8_t)(current_addr >> 16);
 549              		.loc 1 183 3 view .LVU111
 183:Core/Src/W25QXX.c **** 		cmd[1] = (uint8_t)(current_addr >> 16);
 550              		.loc 1 183 10 is_stmt 0 view .LVU112
 551 0032 0223     		movs	r3, #2
 552 0034 8DF80430 		strb	r3, [sp, #4]
 184:Core/Src/W25QXX.c **** 		cmd[2] = (uint8_t)(current_addr >> 8);
 553              		.loc 1 184 3 is_stmt 1 view .LVU113
 184:Core/Src/W25QXX.c **** 		cmd[2] = (uint8_t)(current_addr >> 8);
 554              		.loc 1 184 12 is_stmt 0 view .LVU114
 555 0038 C4F30743 		ubfx	r3, r4, #16, #8
 184:Core/Src/W25QXX.c **** 		cmd[2] = (uint8_t)(current_addr >> 8);
 556              		.loc 1 184 10 view .LVU115
 557 003c 8DF80530 		strb	r3, [sp, #5]
 185:Core/Src/W25QXX.c **** 		cmd[3] = (uint8_t)(current_addr);
 558              		.loc 1 185 3 is_stmt 1 view .LVU116
 185:Core/Src/W25QXX.c **** 		cmd[3] = (uint8_t)(current_addr);
 559              		.loc 1 185 12 is_stmt 0 view .LVU117
 560 0040 C4F30723 		ubfx	r3, r4, #8, #8
 185:Core/Src/W25QXX.c **** 		cmd[3] = (uint8_t)(current_addr);
 561              		.loc 1 185 10 view .LVU118
 562 0044 8DF80630 		strb	r3, [sp, #6]
 186:Core/Src/W25QXX.c **** 
 563              		.loc 1 186 3 is_stmt 1 view .LVU119
 186:Core/Src/W25QXX.c **** 
 564              		.loc 1 186 10 is_stmt 0 view .LVU120
 565 0048 8DF80740 		strb	r4, [sp, #7]
 189:Core/Src/W25QXX.c **** 	
 566              		.loc 1 189 3 is_stmt 1 view .LVU121
 567 004c FFF7FEFF 		bl	BSP_W25Qx_WriteEnable
 568              	.LVL46:
 191:Core/Src/W25QXX.c ****     /* Send the command */
ARM GAS  C:\Users\CL\AppData\Local\Temp\cc7JWON5.s 			page 15


 569              		.loc 1 191 3 view .LVU122
 570 0050 0022     		movs	r2, #0
 571 0052 1021     		movs	r1, #16
 572 0054 4FF09040 		mov	r0, #1207959552
 573 0058 FFF7FEFF 		bl	HAL_GPIO_WritePin
 574              	.LVL47:
 193:Core/Src/W25QXX.c ****     {
 575              		.loc 1 193 5 view .LVU123
 193:Core/Src/W25QXX.c ****     {
 576              		.loc 1 193 9 is_stmt 0 view .LVU124
 577 005c 4FF47A73 		mov	r3, #1000
 578 0060 0422     		movs	r2, #4
 579 0062 0DEB0201 		add	r1, sp, r2
 580 0066 1948     		ldr	r0, .L45
 581 0068 FFF7FEFF 		bl	HAL_SPI_Transmit
 582              	.LVL48:
 193:Core/Src/W25QXX.c ****     {
 583              		.loc 1 193 8 view .LVU125
 584 006c 08BB     		cbnz	r0, .L40
 199:Core/Src/W25QXX.c ****     {
 585              		.loc 1 199 5 is_stmt 1 view .LVU126
 199:Core/Src/W25QXX.c ****     {
 586              		.loc 1 199 9 is_stmt 0 view .LVU127
 587 006e 4FF47A73 		mov	r3, #1000
 588 0072 AAB2     		uxth	r2, r5
 589 0074 3146     		mov	r1, r6
 590 0076 1548     		ldr	r0, .L45
 591 0078 FFF7FEFF 		bl	HAL_SPI_Transmit
 592              	.LVL49:
 199:Core/Src/W25QXX.c ****     {
 593              		.loc 1 199 8 view .LVU128
 594 007c 8146     		mov	r9, r0
 595 007e F0B9     		cbnz	r0, .L41
 203:Core/Src/W25QXX.c ****     	/* Wait the end of Flash writing */
 596              		.loc 1 203 4 is_stmt 1 view .LVU129
 597 0080 0122     		movs	r2, #1
 598 0082 1021     		movs	r1, #16
 599 0084 4FF09040 		mov	r0, #1207959552
 600 0088 FFF7FEFF 		bl	HAL_GPIO_WritePin
 601              	.LVL50:
 205:Core/Src/W25QXX.c **** 		{
 602              		.loc 1 205 3 view .LVU130
 603              	.L36:
 205:Core/Src/W25QXX.c **** 		{
 604              		.loc 1 205 45 discriminator 1 view .LVU131
 205:Core/Src/W25QXX.c **** 		{
 605              		.loc 1 205 8 discriminator 1 view .LVU132
 205:Core/Src/W25QXX.c **** 		{
 606              		.loc 1 205 9 is_stmt 0 discriminator 1 view .LVU133
 607 008c FFF7FEFF 		bl	BSP_W25Qx_GetStatus
 608              	.LVL51:
 205:Core/Src/W25QXX.c **** 		{
 609              		.loc 1 205 8 discriminator 1 view .LVU134
 610 0090 0228     		cmp	r0, #2
 611 0092 FBD0     		beq	.L36
 208:Core/Src/W25QXX.c **** 			{        
 612              		.loc 1 208 4 is_stmt 1 view .LVU135
ARM GAS  C:\Users\CL\AppData\Local\Temp\cc7JWON5.s 			page 16


 208:Core/Src/W25QXX.c **** 			{        
 613              		.loc 1 208 8 is_stmt 0 view .LVU136
 614 0094 FFF7FEFF 		bl	HAL_GetTick
 615              	.LVL52:
 208:Core/Src/W25QXX.c **** 			{        
 616              		.loc 1 208 22 view .LVU137
 617 0098 A0EB0803 		sub	r3, r0, r8
 208:Core/Src/W25QXX.c **** 			{        
 618              		.loc 1 208 6 view .LVU138
 619 009c B3F57A7F 		cmp	r3, #1000
 620 00a0 10D8     		bhi	.L42
 215:Core/Src/W25QXX.c ****     pData += current_size;
 621              		.loc 1 215 5 is_stmt 1 view .LVU139
 215:Core/Src/W25QXX.c ****     pData += current_size;
 622              		.loc 1 215 18 is_stmt 0 view .LVU140
 623 00a2 2C44     		add	r4, r4, r5
 624              	.LVL53:
 216:Core/Src/W25QXX.c ****     current_size = ((current_addr + W25Q128FV_PAGE_SIZE) > end_addr) ? (end_addr - current_addr) : 
 625              		.loc 1 216 5 is_stmt 1 view .LVU141
 216:Core/Src/W25QXX.c ****     current_size = ((current_addr + W25Q128FV_PAGE_SIZE) > end_addr) ? (end_addr - current_addr) : 
 626              		.loc 1 216 11 is_stmt 0 view .LVU142
 627 00a4 2E44     		add	r6, r6, r5
 628              	.LVL54:
 217:Core/Src/W25QXX.c ****   } while (current_addr < end_addr);
 629              		.loc 1 217 5 is_stmt 1 view .LVU143
 217:Core/Src/W25QXX.c ****   } while (current_addr < end_addr);
 630              		.loc 1 217 35 is_stmt 0 view .LVU144
 631 00a6 04F58073 		add	r3, r4, #256
 217:Core/Src/W25QXX.c ****   } while (current_addr < end_addr);
 632              		.loc 1 217 98 view .LVU145
 633 00aa BB42     		cmp	r3, r7
 634 00ac BDD9     		bls	.L43
 217:Core/Src/W25QXX.c ****   } while (current_addr < end_addr);
 635              		.loc 1 217 98 discriminator 1 view .LVU146
 636 00ae 3D1B     		subs	r5, r7, r4
 637              	.LVL55:
 217:Core/Src/W25QXX.c ****   } while (current_addr < end_addr);
 638              		.loc 1 217 98 discriminator 1 view .LVU147
 639 00b0 BDE7     		b	.L37
 640              	.LVL56:
 641              	.L40:
 195:Core/Src/W25QXX.c ****     }
 642              		.loc 1 195 14 view .LVU148
 643 00b2 4FF00109 		mov	r9, #1
 644              	.L35:
 219:Core/Src/W25QXX.c **** 
 220:Core/Src/W25QXX.c **** 	
 221:Core/Src/W25QXX.c **** 	return W25Qx_OK;
 222:Core/Src/W25QXX.c **** }
 645              		.loc 1 222 1 view .LVU149
 646 00b6 4846     		mov	r0, r9
 647 00b8 03B0     		add	sp, sp, #12
 648              	.LCFI21:
 649              		.cfi_remember_state
 650              		.cfi_def_cfa_offset 28
 651              		@ sp needed
 652 00ba BDE8F083 		pop	{r4, r5, r6, r7, r8, r9, pc}
ARM GAS  C:\Users\CL\AppData\Local\Temp\cc7JWON5.s 			page 17


 653              	.LVL57:
 654              	.L41:
 655              	.LCFI22:
 656              		.cfi_restore_state
 201:Core/Src/W25QXX.c ****     }
 657              		.loc 1 201 14 view .LVU150
 658 00be 4FF00109 		mov	r9, #1
 659 00c2 F8E7     		b	.L35
 660              	.L42:
 210:Core/Src/W25QXX.c **** 			}
 661              		.loc 1 210 12 view .LVU151
 662 00c4 4FF00309 		mov	r9, #3
 663 00c8 F5E7     		b	.L35
 664              	.L46:
 665 00ca 00BF     		.align	2
 666              	.L45:
 667 00cc 00000000 		.word	hspi3
 668              		.cfi_endproc
 669              	.LFE138:
 671              		.section	.text.BSP_W25Qx_Erase_Page,"ax",%progbits
 672              		.align	1
 673              		.global	BSP_W25Qx_Erase_Page
 674              		.syntax unified
 675              		.thumb
 676              		.thumb_func
 678              	BSP_W25Qx_Erase_Page:
 679              	.LVL58:
 680              	.LFB139:
 223:Core/Src/W25QXX.c **** /**
 224:Core/Src/W25QXX.c ****   * @brief  Erases the specified Page of the QSPI memory. 
 225:Core/Src/W25QXX.c ****   * @param  BlockAddress: Page address to erase  
 226:Core/Src/W25QXX.c ****   * @retval QSPI memory status
 227:Core/Src/W25QXX.c ****   */
 228:Core/Src/W25QXX.c **** uint8_t BSP_W25Qx_Erase_Page(uint32_t Address)
 229:Core/Src/W25QXX.c **** {
 681              		.loc 1 229 1 is_stmt 1 view -0
 682              		.cfi_startproc
 683              		@ args = 0, pretend = 0, frame = 8
 684              		@ frame_needed = 0, uses_anonymous_args = 0
 685              		.loc 1 229 1 is_stmt 0 view .LVU153
 686 0000 30B5     		push	{r4, r5, lr}
 687              	.LCFI23:
 688              		.cfi_def_cfa_offset 12
 689              		.cfi_offset 4, -12
 690              		.cfi_offset 5, -8
 691              		.cfi_offset 14, -4
 692 0002 83B0     		sub	sp, sp, #12
 693              	.LCFI24:
 694              		.cfi_def_cfa_offset 24
 695 0004 0446     		mov	r4, r0
 230:Core/Src/W25QXX.c **** 	uint8_t cmd[4];
 696              		.loc 1 230 2 is_stmt 1 view .LVU154
 231:Core/Src/W25QXX.c **** 	uint32_t tickstart = HAL_GetTick();
 697              		.loc 1 231 2 view .LVU155
 698              		.loc 1 231 23 is_stmt 0 view .LVU156
 699 0006 FFF7FEFF 		bl	HAL_GetTick
 700              	.LVL59:
ARM GAS  C:\Users\CL\AppData\Local\Temp\cc7JWON5.s 			page 18


 701              		.loc 1 231 23 view .LVU157
 702 000a 0546     		mov	r5, r0
 703              	.LVL60:
 232:Core/Src/W25QXX.c **** 	cmd[0] = PAGE_ERASE_CMD;
 704              		.loc 1 232 2 is_stmt 1 view .LVU158
 705              		.loc 1 232 9 is_stmt 0 view .LVU159
 706 000c 8123     		movs	r3, #129
 707 000e 8DF80430 		strb	r3, [sp, #4]
 233:Core/Src/W25QXX.c **** 	cmd[1] = (uint8_t)(Address >> 16);
 708              		.loc 1 233 2 is_stmt 1 view .LVU160
 709              		.loc 1 233 11 is_stmt 0 view .LVU161
 710 0012 C4F30743 		ubfx	r3, r4, #16, #8
 711              		.loc 1 233 9 view .LVU162
 712 0016 8DF80530 		strb	r3, [sp, #5]
 234:Core/Src/W25QXX.c **** 	cmd[2] = (uint8_t)(Address >> 8);
 713              		.loc 1 234 2 is_stmt 1 view .LVU163
 714              		.loc 1 234 11 is_stmt 0 view .LVU164
 715 001a C4F30723 		ubfx	r3, r4, #8, #8
 716              		.loc 1 234 9 view .LVU165
 717 001e 8DF80630 		strb	r3, [sp, #6]
 235:Core/Src/W25QXX.c **** 	cmd[3] = (uint8_t)(Address);
 718              		.loc 1 235 2 is_stmt 1 view .LVU166
 719              		.loc 1 235 9 is_stmt 0 view .LVU167
 720 0022 8DF80740 		strb	r4, [sp, #7]
 236:Core/Src/W25QXX.c **** 	
 237:Core/Src/W25QXX.c **** 	/* Enable write operations */
 238:Core/Src/W25QXX.c **** 	BSP_W25Qx_WriteEnable();
 721              		.loc 1 238 2 is_stmt 1 view .LVU168
 722 0026 FFF7FEFF 		bl	BSP_W25Qx_WriteEnable
 723              	.LVL61:
 239:Core/Src/W25QXX.c **** 	
 240:Core/Src/W25QXX.c **** 	/*Select the FLASH: Chip Select low */
 241:Core/Src/W25QXX.c **** 	W25Qx_Enable();
 724              		.loc 1 241 2 view .LVU169
 725 002a 0022     		movs	r2, #0
 726 002c 1021     		movs	r1, #16
 727 002e 4FF09040 		mov	r0, #1207959552
 728 0032 FFF7FEFF 		bl	HAL_GPIO_WritePin
 729              	.LVL62:
 242:Core/Src/W25QXX.c **** 	/* Send the read ID command */
 243:Core/Src/W25QXX.c **** 	HAL_SPI_Transmit(&hspi3, cmd, 4, W25Qx_TIMEOUT_VALUE);	
 730              		.loc 1 243 2 view .LVU170
 731 0036 4FF47A73 		mov	r3, #1000
 732 003a 0422     		movs	r2, #4
 733 003c 0DEB0201 		add	r1, sp, r2
 734 0040 0C48     		ldr	r0, .L52
 735 0042 FFF7FEFF 		bl	HAL_SPI_Transmit
 736              	.LVL63:
 244:Core/Src/W25QXX.c **** 	/*Deselect the FLASH: Chip Select high */
 245:Core/Src/W25QXX.c **** 	W25Qx_Disable();
 737              		.loc 1 245 2 view .LVU171
 738 0046 0122     		movs	r2, #1
 739 0048 1021     		movs	r1, #16
 740 004a 4FF09040 		mov	r0, #1207959552
 741 004e FFF7FEFF 		bl	HAL_GPIO_WritePin
 742              	.LVL64:
 246:Core/Src/W25QXX.c **** 	
ARM GAS  C:\Users\CL\AppData\Local\Temp\cc7JWON5.s 			page 19


 247:Core/Src/W25QXX.c **** 	/* Wait the end of Flash writing */
 248:Core/Src/W25QXX.c **** 	while(BSP_W25Qx_GetStatus() == W25Qx_BUSY);
 743              		.loc 1 248 2 view .LVU172
 744              	.L48:
 745              		.loc 1 248 44 discriminator 1 view .LVU173
 746              		.loc 1 248 7 discriminator 1 view .LVU174
 747              		.loc 1 248 8 is_stmt 0 discriminator 1 view .LVU175
 748 0052 FFF7FEFF 		bl	BSP_W25Qx_GetStatus
 749              	.LVL65:
 750              		.loc 1 248 7 discriminator 1 view .LVU176
 751 0056 0228     		cmp	r0, #2
 752 0058 FBD0     		beq	.L48
 249:Core/Src/W25QXX.c **** 	{
 250:Core/Src/W25QXX.c **** 		/* Check for the Timeout */
 251:Core/Src/W25QXX.c ****     if((HAL_GetTick() - tickstart) > W25Q128FV_SECTOR_ERASE_MAX_TIME)
 753              		.loc 1 251 5 is_stmt 1 view .LVU177
 754              		.loc 1 251 9 is_stmt 0 view .LVU178
 755 005a FFF7FEFF 		bl	HAL_GetTick
 756              	.LVL66:
 757              		.loc 1 251 23 view .LVU179
 758 005e 401B     		subs	r0, r0, r5
 759              		.loc 1 251 7 view .LVU180
 760 0060 40F6B833 		movw	r3, #3000
 761 0064 9842     		cmp	r0, r3
 762 0066 02D8     		bhi	.L50
 252:Core/Src/W25QXX.c ****     {        
 253:Core/Src/W25QXX.c **** 			return W25Qx_TIMEOUT;
 254:Core/Src/W25QXX.c ****     }
 255:Core/Src/W25QXX.c **** 	}
 256:Core/Src/W25QXX.c **** 	return W25Qx_OK;
 763              		.loc 1 256 9 view .LVU181
 764 0068 0020     		movs	r0, #0
 765              	.L49:
 257:Core/Src/W25QXX.c **** }
 766              		.loc 1 257 1 view .LVU182
 767 006a 03B0     		add	sp, sp, #12
 768              	.LCFI25:
 769              		.cfi_remember_state
 770              		.cfi_def_cfa_offset 12
 771              		@ sp needed
 772 006c 30BD     		pop	{r4, r5, pc}
 773              	.LVL67:
 774              	.L50:
 775              	.LCFI26:
 776              		.cfi_restore_state
 253:Core/Src/W25QXX.c ****     }
 777              		.loc 1 253 11 view .LVU183
 778 006e 0320     		movs	r0, #3
 779 0070 FBE7     		b	.L49
 780              	.L53:
 781 0072 00BF     		.align	2
 782              	.L52:
 783 0074 00000000 		.word	hspi3
 784              		.cfi_endproc
 785              	.LFE139:
 787              		.section	.text.BSP_W25Qx_Erase_Block,"ax",%progbits
 788              		.align	1
ARM GAS  C:\Users\CL\AppData\Local\Temp\cc7JWON5.s 			page 20


 789              		.global	BSP_W25Qx_Erase_Block
 790              		.syntax unified
 791              		.thumb
 792              		.thumb_func
 794              	BSP_W25Qx_Erase_Block:
 795              	.LVL68:
 796              	.LFB140:
 258:Core/Src/W25QXX.c **** /**
 259:Core/Src/W25QXX.c ****   * @brief  Erases the specified block of the QSPI memory. 
 260:Core/Src/W25QXX.c ****   * @param  BlockAddress: Block address to erase  
 261:Core/Src/W25QXX.c ****   * @retval QSPI memory status
 262:Core/Src/W25QXX.c ****   */
 263:Core/Src/W25QXX.c **** uint8_t BSP_W25Qx_Erase_Block(uint32_t Address)
 264:Core/Src/W25QXX.c **** {
 797              		.loc 1 264 1 is_stmt 1 view -0
 798              		.cfi_startproc
 799              		@ args = 0, pretend = 0, frame = 8
 800              		@ frame_needed = 0, uses_anonymous_args = 0
 801              		.loc 1 264 1 is_stmt 0 view .LVU185
 802 0000 30B5     		push	{r4, r5, lr}
 803              	.LCFI27:
 804              		.cfi_def_cfa_offset 12
 805              		.cfi_offset 4, -12
 806              		.cfi_offset 5, -8
 807              		.cfi_offset 14, -4
 808 0002 83B0     		sub	sp, sp, #12
 809              	.LCFI28:
 810              		.cfi_def_cfa_offset 24
 811 0004 0446     		mov	r4, r0
 265:Core/Src/W25QXX.c **** 	uint8_t cmd[4];
 812              		.loc 1 265 2 is_stmt 1 view .LVU186
 266:Core/Src/W25QXX.c **** 	uint32_t tickstart = HAL_GetTick();
 813              		.loc 1 266 2 view .LVU187
 814              		.loc 1 266 23 is_stmt 0 view .LVU188
 815 0006 FFF7FEFF 		bl	HAL_GetTick
 816              	.LVL69:
 817              		.loc 1 266 23 view .LVU189
 818 000a 0546     		mov	r5, r0
 819              	.LVL70:
 267:Core/Src/W25QXX.c **** 	cmd[0] = SECTOR_ERASE_CMD;
 820              		.loc 1 267 2 is_stmt 1 view .LVU190
 821              		.loc 1 267 9 is_stmt 0 view .LVU191
 822 000c 2023     		movs	r3, #32
 823 000e 8DF80430 		strb	r3, [sp, #4]
 268:Core/Src/W25QXX.c **** 	cmd[1] = (uint8_t)(Address >> 16);
 824              		.loc 1 268 2 is_stmt 1 view .LVU192
 825              		.loc 1 268 11 is_stmt 0 view .LVU193
 826 0012 C4F30743 		ubfx	r3, r4, #16, #8
 827              		.loc 1 268 9 view .LVU194
 828 0016 8DF80530 		strb	r3, [sp, #5]
 269:Core/Src/W25QXX.c **** 	cmd[2] = (uint8_t)(Address >> 8);
 829              		.loc 1 269 2 is_stmt 1 view .LVU195
 830              		.loc 1 269 11 is_stmt 0 view .LVU196
 831 001a C4F30723 		ubfx	r3, r4, #8, #8
 832              		.loc 1 269 9 view .LVU197
 833 001e 8DF80630 		strb	r3, [sp, #6]
 270:Core/Src/W25QXX.c **** 	cmd[3] = (uint8_t)(Address);
ARM GAS  C:\Users\CL\AppData\Local\Temp\cc7JWON5.s 			page 21


 834              		.loc 1 270 2 is_stmt 1 view .LVU198
 835              		.loc 1 270 9 is_stmt 0 view .LVU199
 836 0022 8DF80740 		strb	r4, [sp, #7]
 271:Core/Src/W25QXX.c **** 	
 272:Core/Src/W25QXX.c **** 	/* Enable write operations */
 273:Core/Src/W25QXX.c **** 	BSP_W25Qx_WriteEnable();
 837              		.loc 1 273 2 is_stmt 1 view .LVU200
 838 0026 FFF7FEFF 		bl	BSP_W25Qx_WriteEnable
 839              	.LVL71:
 274:Core/Src/W25QXX.c **** 	
 275:Core/Src/W25QXX.c **** 	/*Select the FLASH: Chip Select low */
 276:Core/Src/W25QXX.c **** 	W25Qx_Enable();
 840              		.loc 1 276 2 view .LVU201
 841 002a 0022     		movs	r2, #0
 842 002c 1021     		movs	r1, #16
 843 002e 4FF09040 		mov	r0, #1207959552
 844 0032 FFF7FEFF 		bl	HAL_GPIO_WritePin
 845              	.LVL72:
 277:Core/Src/W25QXX.c **** 	/* Send the read ID command */
 278:Core/Src/W25QXX.c **** 	HAL_SPI_Transmit(&hspi3, cmd, 4, W25Qx_TIMEOUT_VALUE);	
 846              		.loc 1 278 2 view .LVU202
 847 0036 4FF47A73 		mov	r3, #1000
 848 003a 0422     		movs	r2, #4
 849 003c 0DEB0201 		add	r1, sp, r2
 850 0040 0C48     		ldr	r0, .L59
 851 0042 FFF7FEFF 		bl	HAL_SPI_Transmit
 852              	.LVL73:
 279:Core/Src/W25QXX.c **** 	/*Deselect the FLASH: Chip Select high */
 280:Core/Src/W25QXX.c **** 	W25Qx_Disable();
 853              		.loc 1 280 2 view .LVU203
 854 0046 0122     		movs	r2, #1
 855 0048 1021     		movs	r1, #16
 856 004a 4FF09040 		mov	r0, #1207959552
 857 004e FFF7FEFF 		bl	HAL_GPIO_WritePin
 858              	.LVL74:
 281:Core/Src/W25QXX.c **** 	
 282:Core/Src/W25QXX.c **** 	/* Wait the end of Flash writing */
 283:Core/Src/W25QXX.c **** 	while(BSP_W25Qx_GetStatus() == W25Qx_BUSY);
 859              		.loc 1 283 2 view .LVU204
 860              	.L55:
 861              		.loc 1 283 44 discriminator 1 view .LVU205
 862              		.loc 1 283 7 discriminator 1 view .LVU206
 863              		.loc 1 283 8 is_stmt 0 discriminator 1 view .LVU207
 864 0052 FFF7FEFF 		bl	BSP_W25Qx_GetStatus
 865              	.LVL75:
 866              		.loc 1 283 7 discriminator 1 view .LVU208
 867 0056 0228     		cmp	r0, #2
 868 0058 FBD0     		beq	.L55
 284:Core/Src/W25QXX.c **** 	{
 285:Core/Src/W25QXX.c **** 		/* Check for the Timeout */
 286:Core/Src/W25QXX.c ****     if((HAL_GetTick() - tickstart) > W25Q128FV_SECTOR_ERASE_MAX_TIME)
 869              		.loc 1 286 5 is_stmt 1 view .LVU209
 870              		.loc 1 286 9 is_stmt 0 view .LVU210
 871 005a FFF7FEFF 		bl	HAL_GetTick
 872              	.LVL76:
 873              		.loc 1 286 23 view .LVU211
 874 005e 401B     		subs	r0, r0, r5
ARM GAS  C:\Users\CL\AppData\Local\Temp\cc7JWON5.s 			page 22


 875              		.loc 1 286 7 view .LVU212
 876 0060 40F6B833 		movw	r3, #3000
 877 0064 9842     		cmp	r0, r3
 878 0066 02D8     		bhi	.L57
 287:Core/Src/W25QXX.c ****     {        
 288:Core/Src/W25QXX.c **** 			return W25Qx_TIMEOUT;
 289:Core/Src/W25QXX.c ****     }
 290:Core/Src/W25QXX.c **** 	}
 291:Core/Src/W25QXX.c **** 	return W25Qx_OK;
 879              		.loc 1 291 9 view .LVU213
 880 0068 0020     		movs	r0, #0
 881              	.L56:
 292:Core/Src/W25QXX.c **** }
 882              		.loc 1 292 1 view .LVU214
 883 006a 03B0     		add	sp, sp, #12
 884              	.LCFI29:
 885              		.cfi_remember_state
 886              		.cfi_def_cfa_offset 12
 887              		@ sp needed
 888 006c 30BD     		pop	{r4, r5, pc}
 889              	.LVL77:
 890              	.L57:
 891              	.LCFI30:
 892              		.cfi_restore_state
 288:Core/Src/W25QXX.c ****     }
 893              		.loc 1 288 11 view .LVU215
 894 006e 0320     		movs	r0, #3
 895 0070 FBE7     		b	.L56
 896              	.L60:
 897 0072 00BF     		.align	2
 898              	.L59:
 899 0074 00000000 		.word	hspi3
 900              		.cfi_endproc
 901              	.LFE140:
 903              		.section	.text.BSP_W25Qx_Erase_Chip,"ax",%progbits
 904              		.align	1
 905              		.global	BSP_W25Qx_Erase_Chip
 906              		.syntax unified
 907              		.thumb
 908              		.thumb_func
 910              	BSP_W25Qx_Erase_Chip:
 911              	.LFB141:
 293:Core/Src/W25QXX.c **** 
 294:Core/Src/W25QXX.c **** /**
 295:Core/Src/W25QXX.c ****   * @brief  Erases the entire QSPI memory.This function will take a very long time.
 296:Core/Src/W25QXX.c ****   * @retval QSPI memory status
 297:Core/Src/W25QXX.c ****   */
 298:Core/Src/W25QXX.c **** uint8_t BSP_W25Qx_Erase_Chip(void)
 299:Core/Src/W25QXX.c **** {
 912              		.loc 1 299 1 is_stmt 1 view -0
 913              		.cfi_startproc
 914              		@ args = 0, pretend = 0, frame = 8
 915              		@ frame_needed = 0, uses_anonymous_args = 0
 916 0000 10B5     		push	{r4, lr}
 917              	.LCFI31:
 918              		.cfi_def_cfa_offset 8
 919              		.cfi_offset 4, -8
ARM GAS  C:\Users\CL\AppData\Local\Temp\cc7JWON5.s 			page 23


 920              		.cfi_offset 14, -4
 921 0002 82B0     		sub	sp, sp, #8
 922              	.LCFI32:
 923              		.cfi_def_cfa_offset 16
 300:Core/Src/W25QXX.c **** 	uint8_t cmd[4];
 924              		.loc 1 300 2 view .LVU217
 301:Core/Src/W25QXX.c **** 	uint32_t tickstart = HAL_GetTick();
 925              		.loc 1 301 2 view .LVU218
 926              		.loc 1 301 23 is_stmt 0 view .LVU219
 927 0004 FFF7FEFF 		bl	HAL_GetTick
 928              	.LVL78:
 929 0008 0446     		mov	r4, r0
 930              	.LVL79:
 302:Core/Src/W25QXX.c **** 	cmd[0] = SECTOR_ERASE_CMD;
 931              		.loc 1 302 2 is_stmt 1 view .LVU220
 932              		.loc 1 302 9 is_stmt 0 view .LVU221
 933 000a 2023     		movs	r3, #32
 934 000c 8DF80430 		strb	r3, [sp, #4]
 303:Core/Src/W25QXX.c **** 	
 304:Core/Src/W25QXX.c **** 	/* Enable write operations */
 305:Core/Src/W25QXX.c **** 	BSP_W25Qx_WriteEnable();
 935              		.loc 1 305 2 is_stmt 1 view .LVU222
 936 0010 FFF7FEFF 		bl	BSP_W25Qx_WriteEnable
 937              	.LVL80:
 306:Core/Src/W25QXX.c **** 	
 307:Core/Src/W25QXX.c **** 	/*Select the FLASH: Chip Select low */
 308:Core/Src/W25QXX.c **** 	W25Qx_Enable();
 938              		.loc 1 308 2 view .LVU223
 939 0014 0022     		movs	r2, #0
 940 0016 1021     		movs	r1, #16
 941 0018 4FF09040 		mov	r0, #1207959552
 942 001c FFF7FEFF 		bl	HAL_GPIO_WritePin
 943              	.LVL81:
 309:Core/Src/W25QXX.c **** 	/* Send the read ID command */
 310:Core/Src/W25QXX.c **** 	HAL_SPI_Transmit(&hspi3, cmd, 1, W25Qx_TIMEOUT_VALUE);	
 944              		.loc 1 310 2 view .LVU224
 945 0020 4FF47A73 		mov	r3, #1000
 946 0024 0122     		movs	r2, #1
 947 0026 01A9     		add	r1, sp, #4
 948 0028 0B48     		ldr	r0, .L66
 949 002a FFF7FEFF 		bl	HAL_SPI_Transmit
 950              	.LVL82:
 311:Core/Src/W25QXX.c **** 	/*Deselect the FLASH: Chip Select high */
 312:Core/Src/W25QXX.c **** 	W25Qx_Disable();
 951              		.loc 1 312 2 view .LVU225
 952 002e 0122     		movs	r2, #1
 953 0030 1021     		movs	r1, #16
 954 0032 4FF09040 		mov	r0, #1207959552
 955 0036 FFF7FEFF 		bl	HAL_GPIO_WritePin
 956              	.LVL83:
 313:Core/Src/W25QXX.c **** 	
 314:Core/Src/W25QXX.c **** 	/* Wait the end of Flash writing */
 315:Core/Src/W25QXX.c **** 	while(BSP_W25Qx_GetStatus() != W25Qx_BUSY);
 957              		.loc 1 315 2 view .LVU226
 958              	.L62:
 959              		.loc 1 315 44 discriminator 1 view .LVU227
 960              		.loc 1 315 7 discriminator 1 view .LVU228
ARM GAS  C:\Users\CL\AppData\Local\Temp\cc7JWON5.s 			page 24


 961              		.loc 1 315 8 is_stmt 0 discriminator 1 view .LVU229
 962 003a FFF7FEFF 		bl	BSP_W25Qx_GetStatus
 963              	.LVL84:
 964              		.loc 1 315 7 discriminator 1 view .LVU230
 965 003e 0228     		cmp	r0, #2
 966 0040 FBD1     		bne	.L62
 316:Core/Src/W25QXX.c **** 	{
 317:Core/Src/W25QXX.c **** 		/* Check for the Timeout */
 318:Core/Src/W25QXX.c ****     if((HAL_GetTick() - tickstart) > W25Q128FV_BULK_ERASE_MAX_TIME)
 967              		.loc 1 318 5 is_stmt 1 view .LVU231
 968              		.loc 1 318 9 is_stmt 0 view .LVU232
 969 0042 FFF7FEFF 		bl	HAL_GetTick
 970              	.LVL85:
 971              		.loc 1 318 23 view .LVU233
 972 0046 001B     		subs	r0, r0, r4
 973              		.loc 1 318 7 view .LVU234
 974 0048 044B     		ldr	r3, .L66+4
 975 004a 9842     		cmp	r0, r3
 976 004c 02D8     		bhi	.L64
 319:Core/Src/W25QXX.c ****     {        
 320:Core/Src/W25QXX.c **** 			return W25Qx_TIMEOUT;
 321:Core/Src/W25QXX.c ****     }
 322:Core/Src/W25QXX.c **** 	}
 323:Core/Src/W25QXX.c **** 	return W25Qx_OK;
 977              		.loc 1 323 9 view .LVU235
 978 004e 0020     		movs	r0, #0
 979              	.L63:
 324:Core/Src/W25QXX.c **** }
 980              		.loc 1 324 1 view .LVU236
 981 0050 02B0     		add	sp, sp, #8
 982              	.LCFI33:
 983              		.cfi_remember_state
 984              		.cfi_def_cfa_offset 8
 985              		@ sp needed
 986 0052 10BD     		pop	{r4, pc}
 987              	.LVL86:
 988              	.L64:
 989              	.LCFI34:
 990              		.cfi_restore_state
 320:Core/Src/W25QXX.c ****     }
 991              		.loc 1 320 11 view .LVU237
 992 0054 0320     		movs	r0, #3
 993 0056 FBE7     		b	.L63
 994              	.L67:
 995              		.align	2
 996              	.L66:
 997 0058 00000000 		.word	hspi3
 998 005c 90D00300 		.word	250000
 999              		.cfi_endproc
 1000              	.LFE141:
 1002              		.text
 1003              	.Letext0:
 1004              		.file 2 "e:\\gcc-arm-none-eabi-10.3-2021.10-win32\\gcc-arm-none-eabi-10.3-2021.10\\arm-none-eabi\\
 1005              		.file 3 "e:\\gcc-arm-none-eabi-10.3-2021.10-win32\\gcc-arm-none-eabi-10.3-2021.10\\arm-none-eabi\\
 1006              		.file 4 "Drivers/CMSIS/Device/ST/STM32L4xx/Include/stm32l431xx.h"
 1007              		.file 5 "Drivers/STM32L4xx_HAL_Driver/Inc/stm32l4xx_hal_def.h"
 1008              		.file 6 "Drivers/STM32L4xx_HAL_Driver/Inc/stm32l4xx_hal_gpio.h"
ARM GAS  C:\Users\CL\AppData\Local\Temp\cc7JWON5.s 			page 25


 1009              		.file 7 "Drivers/STM32L4xx_HAL_Driver/Inc/stm32l4xx_hal_dma.h"
 1010              		.file 8 "Drivers/STM32L4xx_HAL_Driver/Inc/stm32l4xx_hal_spi.h"
 1011              		.file 9 "Core/Inc/spi.h"
 1012              		.file 10 "Drivers/STM32L4xx_HAL_Driver/Inc/stm32l4xx_hal.h"
ARM GAS  C:\Users\CL\AppData\Local\Temp\cc7JWON5.s 			page 26


DEFINED SYMBOLS
                            *ABS*:00000000 W25QXX.c
C:\Users\CL\AppData\Local\Temp\cc7JWON5.s:20     .text.BSP_W25Qx_Reset:00000000 $t
C:\Users\CL\AppData\Local\Temp\cc7JWON5.s:25     .text.BSP_W25Qx_Reset:00000000 BSP_W25Qx_Reset
C:\Users\CL\AppData\Local\Temp\cc7JWON5.s:71     .text.BSP_W25Qx_Reset:00000038 $d
C:\Users\CL\AppData\Local\Temp\cc7JWON5.s:76     .text.BSP_W25Qx_GetStatus:00000000 $t
C:\Users\CL\AppData\Local\Temp\cc7JWON5.s:81     .text.BSP_W25Qx_GetStatus:00000000 BSP_W25Qx_GetStatus
C:\Users\CL\AppData\Local\Temp\cc7JWON5.s:150    .text.BSP_W25Qx_GetStatus:00000054 $d
C:\Users\CL\AppData\Local\Temp\cc7JWON5.s:155    .text.BSP_W25Qx_Init:00000000 $t
C:\Users\CL\AppData\Local\Temp\cc7JWON5.s:161    .text.BSP_W25Qx_Init:00000000 BSP_W25Qx_Init
C:\Users\CL\AppData\Local\Temp\cc7JWON5.s:185    .text.BSP_W25Qx_WriteEnable:00000000 $t
C:\Users\CL\AppData\Local\Temp\cc7JWON5.s:191    .text.BSP_W25Qx_WriteEnable:00000000 BSP_W25Qx_WriteEnable
C:\Users\CL\AppData\Local\Temp\cc7JWON5.s:275    .text.BSP_W25Qx_WriteEnable:00000054 $d
C:\Users\CL\AppData\Local\Temp\cc7JWON5.s:280    .text.BSP_W25Qx_Read_ID:00000000 $t
C:\Users\CL\AppData\Local\Temp\cc7JWON5.s:286    .text.BSP_W25Qx_Read_ID:00000000 BSP_W25Qx_Read_ID
C:\Users\CL\AppData\Local\Temp\cc7JWON5.s:348    .text.BSP_W25Qx_Read_ID:00000048 $d
C:\Users\CL\AppData\Local\Temp\cc7JWON5.s:353    .text.BSP_W25Qx_Read:00000000 $t
C:\Users\CL\AppData\Local\Temp\cc7JWON5.s:359    .text.BSP_W25Qx_Read:00000000 BSP_W25Qx_Read
C:\Users\CL\AppData\Local\Temp\cc7JWON5.s:458    .text.BSP_W25Qx_Read:00000068 $d
C:\Users\CL\AppData\Local\Temp\cc7JWON5.s:463    .text.BSP_W25Qx_Write:00000000 $t
C:\Users\CL\AppData\Local\Temp\cc7JWON5.s:469    .text.BSP_W25Qx_Write:00000000 BSP_W25Qx_Write
C:\Users\CL\AppData\Local\Temp\cc7JWON5.s:667    .text.BSP_W25Qx_Write:000000cc $d
C:\Users\CL\AppData\Local\Temp\cc7JWON5.s:672    .text.BSP_W25Qx_Erase_Page:00000000 $t
C:\Users\CL\AppData\Local\Temp\cc7JWON5.s:678    .text.BSP_W25Qx_Erase_Page:00000000 BSP_W25Qx_Erase_Page
C:\Users\CL\AppData\Local\Temp\cc7JWON5.s:783    .text.BSP_W25Qx_Erase_Page:00000074 $d
C:\Users\CL\AppData\Local\Temp\cc7JWON5.s:788    .text.BSP_W25Qx_Erase_Block:00000000 $t
C:\Users\CL\AppData\Local\Temp\cc7JWON5.s:794    .text.BSP_W25Qx_Erase_Block:00000000 BSP_W25Qx_Erase_Block
C:\Users\CL\AppData\Local\Temp\cc7JWON5.s:899    .text.BSP_W25Qx_Erase_Block:00000074 $d
C:\Users\CL\AppData\Local\Temp\cc7JWON5.s:904    .text.BSP_W25Qx_Erase_Chip:00000000 $t
C:\Users\CL\AppData\Local\Temp\cc7JWON5.s:910    .text.BSP_W25Qx_Erase_Chip:00000000 BSP_W25Qx_Erase_Chip
C:\Users\CL\AppData\Local\Temp\cc7JWON5.s:997    .text.BSP_W25Qx_Erase_Chip:00000058 $d

UNDEFINED SYMBOLS
HAL_GPIO_WritePin
HAL_SPI_Transmit
hspi3
HAL_SPI_Receive
HAL_GetTick
